scripts.a7a0f1a97b534d8d.js:1 Are you an exceptional Angular Engineer?Want to work on a product used and loved by millions of people?Then come and work for ClickUp!https://clickup.com/careers
polyfills.ef60533980304a0c.js:1 [Violation] 'setTimeout' handler took 197ms
VM803:2 none|none|none|none
VM803:3 {source: 'idp-tst.rbinternational.com', medium: 'referral', content: '', campaign: ''}
polyfills.ef60533980304a0c.js:1 [Violation] 'setTimeout' handler took 54ms
polyfills.ef60533980304a0c.js:1 [Violation] 'setTimeout' handler took 60ms
Third-party cookie will be blocked. Learn more in the Issues tab.
Third-party cookie will be blocked. Learn more in the Issues tab.
Third-party cookie will be blocked. Learn more in the Issues tab.
Third-party cookie will be blocked. Learn more in the Issues tab.
Third-party cookie will be blocked. Learn more in the Issues tab.
Third-party cookie will be blocked. Learn more in the Issues tab.
Third-party cookie will be blocked. Learn more in the Issues tab.
Third-party cookie will be blocked. Learn more in the Issues tab.
Third-party cookie will be blocked. Learn more in the Issues tab.
Third-party cookie will be blocked. Learn more in the Issues tab.
Third-party cookie will be blocked. Learn more in the Issues tab.
Third-party cookie will be blocked. Learn more in the Issues tab.
Third-party cookie will be blocked. Learn more in the Issues tab.
Third-party cookie will be blocked. Learn more in the Issues tab.
Third-party cookie will be blocked. Learn more in the Issues tab.
Third-party cookie will be blocked. Learn more in the Issues tab.
Third-party cookie will be blocked. Learn more in the Issues tab.
Third-party cookie will be blocked. Learn more in the Issues tab.
main.8a82285c979b31aa.js:12 [Violation] 'requestIdleCallback' handler took 75ms
signup:1 [DOM] Input elements should have autocomplete attributes (suggested: "current-password"): (More info: https://goo.gl/9p2vKq) <input id=​"signup-password-input" type=​"password" spellcheck=​"false" autocorrect=​"off" placeholder=​"Minimum 8 characters" formcontrolname=​"password" maxlength=​"256" data-test=​"signup-form__password-input" aria-describedby=​"cu-signup-form__error_password" class=​"cu-form__input ng-untouched ng-pristine ng-invalid" aria-invalid=​"false">​
signup:1 Refused to load the script 'https://gateway.zscaler.net/_sm_ccik?_ordtok=Zs43WVRbQbqqN6Frn3rRVSTPRB&_sm_rid=Z5j3qkMSPQkJ7SJr6sZZFMLs26ZHJsqkM4SBnbjZHJsqkM4SBnbj&_orig_url=https://cdn.segment.com/next-integrations/integrations/google-tag-manager/2.5.1/google-tag-manager.dynamic.js.gz' because it violates the following Content Security Policy directive: "script-src 'self' blob: https://apis.google.com https://accounts.google.com https://js.live.net https://app.box.com https://www.dropbox.com https://maps.googleapis.com https://cdn1.codox.io https://cdn1.stage.codox.io https://cdn2.stage.codox.io https://cdn.jsdelivr.net https://cdn.firstpromoter.com https://calendly.com https://miro.com https://platform.harvestapp.com https://*.wistia.com https://*.wistia.net https://src.litix.io https://*.daily.co https://api.daily.co https://zapier.com https://cdn.zapier.com https://ct.capterra.com https://cdn.servicebell.com https://*.clarity.ms https://www.googletagmanager.com https://www.googleadservices.com https://www.google-analytics.com https://ssl.google-analytics.com https://hat.thepointyspritesclub.com https://www.redditstatic.com https://googleads.g.doubleclick.net https://core.thepointyspritesclub.com https://m.servedby-buysellads.com https://canny.io https://snap.licdn.com https://www.google.com https://www.gstatic.com https://www.gstatic.cn/recaptcha/releases/ https://recaptcha.net/recaptcha/ https://*.sdk.awswaf.com https://*.token.awswaf.com https://connect.facebook.net https://x.clearbitjs.com https://s.pinimg.com https://sdk.minervaknows.com https://sdk-services.minervaknows.com https://pendo-io-static.storage.googleapis.com https://cdn.pendo.io https://pendo-static-5086206243897344.storage.googleapis.com https://data.pendo.io https://app.pendo.io https://content.webproduct.clickup.com https://data.webproduct.clickup.com 'sha256-4F3AlVDfHOAh+oYhZPs3EVMNLNadjO8On0Dw7KGh/0k=' 'sha256-HlaGGq5nhTgcEEAWmEiWF8Bdf6qDczq6wsXFnlEg7Tg=' https://fast.chameleon.io https://cdn.pdst.fm 'sha256-j2ps3etSlArdF3rx5RB3P1LHnZ5QaPvxPl1kLybUU1I=' todesktop-internal: https://code.highcharts.com https://embedding.workato.com https://*.tailwindcss.com https://unpkg.com/html2canvas https://*.apis.google.com 'unsafe-hashes' 'sha256-rRMdkshZyJlCmDX27XnL7g3zXaxv7ei6Sg+yt4R3svU=' 'sha256-46mc3H6z56gnOReRHr//8M7FxjqtSaDN7KetqqduuiE=' 'sha256-lo7ZdP6kFds+wf1WMWvn7MhcFVFJV44kAXODRevzRZ8=' 'sha256-kjwZ9XFHUXkRgP39E+c2Nq0vJmP8LXFE0uBk6CONyps=' 'sha256-lYEr2zHO9mOSeyRaGwAV3ONrKh8W0bkmiI1dNP3XPw8=' 'sha256-LMJv8ESlfiCF+9pWKUez+VXyvZdYrT+fcQ3Eps4XPyQ=' 'sha256-O9aq+7SwZvvc0fhedjnYucjU23ErSZyDH2NlMpTcIrg=' 'sha256-crv0swrwxjIlHW1jNIPi6B6rE2DSmtsXQFN5PQKnM28=' 'sha256-18PfGZ5/htE/jRivbwelUdaz5nHCggm6Z4DwoAxuuuQ=' 'sha256-ZdDTEfl8xrGn7iZ/2mMDizDIe6JRmep2vz9STHJi4Zs=' 'sha256-XmUonDD4SHX/8KL3j/86z0J1usvsHZ1xoxcYIkK9ofY=' 'sha256-TMQYQm5DIUPhkboCV7JZ+UNcKeh2iHk2kDZ+GzVnZyM=' 'sha256-rv9RoPCujGN0BWUcqLIueZC4J98NAoFBaa2VQHSBLUA=' 'sha256-MhQnurjVkR0d3jTJlT4vDS8W1Ul2ufyOI9GbZmyONCc=' 'sha256-fkL1dWflM/Pp1A6PqNJzVUuQZHXkpviRNjFFgUWDc0o=' 'sha256-JrwHtCkAMCxphN8OUZ/8B2IOHBF0GxYQVm/u8lnHk5U=' 'sha256-aPtbM89KJ2QtT9b3cTayhhL6B9UAtlXVAIrISmkAqlo=' 'sha256-dplqP925cq1wFUU0QEM3ErDaKHbkInjAYRqinz3ckA4=' 'sha256-+WyYVdw/xyJMSon2S4rJiuvQwzfxnaOVyO9fBWnBdfI=' 'sha256-d53GrCUkhYjY5Gg+lvPu4EvwVHF469YN3xDuBKJ1zlw=' 'sha256-6YVBj8Dp8/hmBCVa1GkZq10MnLp4jxNZ7DlQg/1e9do=' 'sha256-c46qGWZpjsaDTejjs2vXcwKULa5GqfWHy6NpfRj7RLo=' 'sha256-NAVhSZ+FJwaLOVUVF5pNJJHxUVkbWK5v3gCC+rhwqUE=' 'sha256-9/0hd96qoXdEcT1/9WrK3RBCF0b9iAcQILT7kCdqymI=' 'sha256-8NDdvKWDYv66kjW9fgz/ZKScITpkp4dbsM+TA/O04RM=' 'sha256-d9X+lt79bIweOwRmtIJ8+D3H5ccnoQF34RXSUTL6hvY=' 'sha256-tfwk6Z/5gbYQErJTx0xXYv88nf2sOTB9ziGzTRM780I=' 'sha256-r0zKdIaVXL5La22Qv6w3BFOUx0ZioSsqoP8AOEdGty0=' 'sha256-4Hq8ngOaih5AFi/QwY8sfU4scUQ7UWGxcITuIl1h45Y=' 'sha256-G574QxiyzjYg5WRPE1EIV7ybIvR8RSwSodlLw3OSsSo=' 'sha256-62dGtgZECu/Vf7xGnq6kk2x9UEFtACjjvxdPXV22Y1I=' 'sha256-A1G2PMl7phK8KZzsPIbRZuxaapDp859I6mcj40iW1Vo=' 'sha256-J3lp2ucUq+OQgBYI0rDj0IUEuz0buuDTaQjYGjNVQgU=' 'sha256-HsDuP/JOW1/mYiKGwTIYa1MLC/2ccZaJNF8oxxGPr+I=' https://*.singular.com https://*.singular.net https://datadoghq.com https://tpc.googlesyndication.com https://*.walkme.com https://cdn.segment.com https://*.taboola.com https://*.pointmediatracker.com https://*.marketo.net https://*.facebook.net https://*.tiktok.com https://*.ada.support https://app-cdn.clickup.com". Note that 'script-src-elem' was not explicitly set, so 'script-src' is used as a fallback.

node_modules_pnpm_segment_analytics-next_1_55_0_node_modules_segment_analytics-next_dist_pkg_-9c77f8.0fb4627ccf225f8b.js:1 Google Tag Manager Error: Failed to load https://cdn.segment.com/next-integrations/integrations/google-tag-manager/2.5.1/google-tag-manager.dynamic.js.gz
    at y.onerror (node_modules_pnpm_segment_analytics-next_1_55_0_node_modules_segment_analytics-next_dist_pkg_-9c77f8.0fb4627ccf225f8b.js:1:91017)
    at HTMLScriptElement.lt (polyfills.ef60533980304a0c.js:1:26756)
    at rt.invokeTask (polyfills.ef60533980304a0c.js:1:22468)
    at Object.onInvokeTask (main.8a82285c979b31aa.js:1942:963529)
    at rt.invokeTask (polyfills.ef60533980304a0c.js:1:22389)
    at Z.runTask (polyfills.ef60533980304a0c.js:1:17759)
    at _.invokeTask [as invoke] (polyfills.ef60533980304a0c.js:1:23527)
    at Et (polyfills.ef60533980304a0c.js:1:36451)
    at St (polyfills.ef60533980304a0c.js:1:36767)
    at HTMLScriptElement.kt (polyfills.ef60533980304a0c.js:1:37053)
(anonymous) @ node_modules_pnpm_segment_analytics-next_1_55_0_node_modules_segment_analytics-next_dist_pkg_-9c77f8.0fb4627ccf225f8b.js:1
invoke @ polyfills.ef60533980304a0c.js:1
onInvoke @ main.8a82285c979b31aa.js:1942
invoke @ polyfills.ef60533980304a0c.js:1
run @ polyfills.ef60533980304a0c.js:1
(anonymous) @ polyfills.ef60533980304a0c.js:1
invokeTask @ polyfills.ef60533980304a0c.js:1
onInvokeTask @ main.8a82285c979b31aa.js:1942
invokeTask @ polyfills.ef60533980304a0c.js:1
runTask @ polyfills.ef60533980304a0c.js:1
V @ polyfills.ef60533980304a0c.js:1
Promise.then (async)
Kt @ polyfills.ef60533980304a0c.js:1
vt @ polyfills.ef60533980304a0c.js:1
scheduleTask @ polyfills.ef60533980304a0c.js:1
onScheduleTask @ polyfills.ef60533980304a0c.js:1
scheduleTask @ polyfills.ef60533980304a0c.js:1
scheduleTask @ polyfills.ef60533980304a0c.js:1
scheduleMicroTask @ polyfills.ef60533980304a0c.js:1
te @ polyfills.ef60533980304a0c.js:1
Vt @ polyfills.ef60533980304a0c.js:1
(anonymous) @ polyfills.ef60533980304a0c.js:1
(anonymous) @ polyfills.ef60533980304a0c.js:1
Promise.then (async)
(anonymous) @ polyfills.ef60533980304a0c.js:1
b @ polyfills.ef60533980304a0c.js:1
M.then @ polyfills.ef60533980304a0c.js:1
Vt @ polyfills.ef60533980304a0c.js:1
(anonymous) @ polyfills.ef60533980304a0c.js:1
(anonymous) @ polyfills.ef60533980304a0c.js:1
(anonymous) @ node_modules_pnpm_segment_analytics-next_1_55_0_node_modules_segment_analytics-next_dist_pkg_-9c77f8.0fb4627ccf225f8b.js:1
b @ polyfills.ef60533980304a0c.js:1
M @ node_modules_pnpm_segment_analytics-next_1_55_0_node_modules_segment_analytics-next_dist_pkg_-9c77f8.0fb4627ccf225f8b.js:1
z @ node_modules_pnpm_segment_analytics-next_1_55_0_node_modules_segment_analytics-next_dist_pkg_-9c77f8.0fb4627ccf225f8b.js:1
(anonymous) @ node_modules_pnpm_segment_analytics-next_1_55_0_node_modules_segment_analytics-next_dist_pkg_-9c77f8.0fb4627ccf225f8b.js:1
b @ polyfills.ef60533980304a0c.js:1
P @ node_modules_pnpm_segment_analytics-next_1_55_0_node_modules_segment_analytics-next_dist_pkg_-9c77f8.0fb4627ccf225f8b.js:1
X @ ajs-destination.ee6289ebb4fd5e80.js:1
(anonymous) @ ajs-destination.ee6289ebb4fd5e80.js:1
nt @ node_modules_pnpm_segment_analytics-next_1_55_0_node_modules_segment_analytics-next_dist_pkg_-9c77f8.0fb4627ccf225f8b.js:1
(anonymous) @ node_modules_pnpm_segment_analytics-next_1_55_0_node_modules_segment_analytics-next_dist_pkg_-9c77f8.0fb4627ccf225f8b.js:1
(anonymous) @ node_modules_pnpm_segment_analytics-next_1_55_0_node_modules_segment_analytics-next_dist_pkg_-9c77f8.0fb4627ccf225f8b.js:1
b @ polyfills.ef60533980304a0c.js:1
P @ node_modules_pnpm_segment_analytics-next_1_55_0_node_modules_segment_analytics-next_dist_pkg_-9c77f8.0fb4627ccf225f8b.js:1
i.load @ ajs-destination.ee6289ebb4fd5e80.js:1
(anonymous) @ node_modules_pnpm_segment_analytics-next_1_55_0_node_modules_segment_analytics-next_dist_pkg_-9c77f8.0fb4627ccf225f8b.js:1
nt @ node_modules_pnpm_segment_analytics-next_1_55_0_node_modules_segment_analytics-next_dist_pkg_-9c77f8.0fb4627ccf225f8b.js:1
(anonymous) @ node_modules_pnpm_segment_analytics-next_1_55_0_node_modules_segment_analytics-next_dist_pkg_-9c77f8.0fb4627ccf225f8b.js:1
(anonymous) @ node_modules_pnpm_segment_analytics-next_1_55_0_node_modules_segment_analytics-next_dist_pkg_-9c77f8.0fb4627ccf225f8b.js:1
b @ polyfills.ef60533980304a0c.js:1
P @ node_modules_pnpm_segment_analytics-next_1_55_0_node_modules_segment_analytics-next_dist_pkg_-9c77f8.0fb4627ccf225f8b.js:1
r.register @ node_modules_pnpm_segment_analytics-next_1_55_0_node_modules_segment_analytics-next_dist_pkg_-9c77f8.0fb4627ccf225f8b.js:1
(anonymous) @ node_modules_pnpm_segment_analytics-next_1_55_0_node_modules_segment_analytics-next_dist_pkg_-9c77f8.0fb4627ccf225f8b.js:1
(anonymous) @ node_modules_pnpm_segment_analytics-next_1_55_0_node_modules_segment_analytics-next_dist_pkg_-9c77f8.0fb4627ccf225f8b.js:1
nt @ node_modules_pnpm_segment_analytics-next_1_55_0_node_modules_segment_analytics-next_dist_pkg_-9c77f8.0fb4627ccf225f8b.js:1
(anonymous) @ node_modules_pnpm_segment_analytics-next_1_55_0_node_modules_segment_analytics-next_dist_pkg_-9c77f8.0fb4627ccf225f8b.js:1
(anonymous) @ node_modules_pnpm_segment_analytics-next_1_55_0_node_modules_segment_analytics-next_dist_pkg_-9c77f8.0fb4627ccf225f8b.js:1
b @ polyfills.ef60533980304a0c.js:1
P @ node_modules_pnpm_segment_analytics-next_1_55_0_node_modules_segment_analytics-next_dist_pkg_-9c77f8.0fb4627ccf225f8b.js:1
r.register @ node_modules_pnpm_segment_analytics-next_1_55_0_node_modules_segment_analytics-next_dist_pkg_-9c77f8.0fb4627ccf225f8b.js:1
(anonymous) @ node_modules_pnpm_segment_analytics-next_1_55_0_node_modules_segment_analytics-next_dist_pkg_-9c77f8.0fb4627ccf225f8b.js:1
nt @ node_modules_pnpm_segment_analytics-next_1_55_0_node_modules_segment_analytics-next_dist_pkg_-9c77f8.0fb4627ccf225f8b.js:1
(anonymous) @ node_modules_pnpm_segment_analytics-next_1_55_0_node_modules_segment_analytics-next_dist_pkg_-9c77f8.0fb4627ccf225f8b.js:1
W @ node_modules_pnpm_segment_analytics-next_1_55_0_node_modules_segment_analytics-next_dist_pkg_-9c77f8.0fb4627ccf225f8b.js:1
invoke @ polyfills.ef60533980304a0c.js:1
onInvoke @ main.8a82285c979b31aa.js:1942
invoke @ polyfills.ef60533980304a0c.js:1
run @ polyfills.ef60533980304a0c.js:1
(anonymous) @ polyfills.ef60533980304a0c.js:1
invokeTask @ polyfills.ef60533980304a0c.js:1
onInvokeTask @ main.8a82285c979b31aa.js:1942
invokeTask @ polyfills.ef60533980304a0c.js:1
runTask @ polyfills.ef60533980304a0c.js:1
V @ polyfills.ef60533980304a0c.js:1
Promise.then (async)
Kt @ polyfills.ef60533980304a0c.js:1
vt @ polyfills.ef60533980304a0c.js:1
scheduleTask @ polyfills.ef60533980304a0c.js:1
scheduleTask @ polyfills.ef60533980304a0c.js:1
scheduleMicroTask @ polyfills.ef60533980304a0c.js:1
(anonymous) @ polyfills.ef60533980304a0c.js:1
Ct.S.<computed> @ polyfills.ef60533980304a0c.js:1
_scheduleCountTask @ main.8a82285c979b31aa.js:1
(anonymous) @ main.8a82285c979b31aa.js:1
invoke @ polyfills.ef60533980304a0c.js:1
run @ polyfills.ef60533980304a0c.js:1
runOutsideAngular @ main.8a82285c979b31aa.js:1942
end @ main.8a82285c979b31aa.js:1
vv @ main.8a82285c979b31aa.js:1942
b6 @ main.8a82285c979b31aa.js:1942
L2 @ main.8a82285c979b31aa.js:1942
detectChangesInAttachedViews @ main.8a82285c979b31aa.js:1942
_tick @ main.8a82285c979b31aa.js:1942
tick @ main.8a82285c979b31aa.js:1942
(anonymous) @ main.8a82285c979b31aa.js:1942
invoke @ polyfills.ef60533980304a0c.js:1
onInvoke @ main.8a82285c979b31aa.js:1942
invoke @ polyfills.ef60533980304a0c.js:1
run @ polyfills.ef60533980304a0c.js:1
run @ main.8a82285c979b31aa.js:1942
next @ main.8a82285c979b31aa.js:1942
next @ main.8a82285c979b31aa.js:1
_next @ main.8a82285c979b31aa.js:1
next @ main.8a82285c979b31aa.js:1
(anonymous) @ main.8a82285c979b31aa.js:1
o @ main.8a82285c979b31aa.js:1
next @ main.8a82285c979b31aa.js:1
emit @ main.8a82285c979b31aa.js:1942
C_ @ main.8a82285c979b31aa.js:1942
onHasTask @ main.8a82285c979b31aa.js:1942
hasTask @ polyfills.ef60533980304a0c.js:1
_updateTaskCount @ polyfills.ef60533980304a0c.js:1
_updateTaskCount @ polyfills.ef60533980304a0c.js:1
runTask @ polyfills.ef60533980304a0c.js:1
V @ polyfills.ef60533980304a0c.js:1
Promise.then (async)
Kt @ polyfills.ef60533980304a0c.js:1
vt @ polyfills.ef60533980304a0c.js:1
scheduleTask @ polyfills.ef60533980304a0c.js:1
onScheduleTask @ polyfills.ef60533980304a0c.js:1
scheduleTask @ polyfills.ef60533980304a0c.js:1
scheduleTask @ polyfills.ef60533980304a0c.js:1
scheduleMicroTask @ polyfills.ef60533980304a0c.js:1
te @ polyfills.ef60533980304a0c.js:1
Vt @ polyfills.ef60533980304a0c.js:1
(anonymous) @ polyfills.ef60533980304a0c.js:1
(anonymous) @ polyfills.ef60533980304a0c.js:1
Promise.then (async)
(anonymous) @ polyfills.ef60533980304a0c.js:1
b @ polyfills.ef60533980304a0c.js:1
M.then @ polyfills.ef60533980304a0c.js:1
(anonymous) @ node_modules_pnpm_segment_analytics-next_1_55_0_node_modules_segment_analytics-next_dist_pkg_-9c77f8.0fb4627ccf225f8b.js:1
nt @ node_modules_pnpm_segment_analytics-next_1_55_0_node_modules_segment_analytics-next_dist_pkg_-9c77f8.0fb4627ccf225f8b.js:1
(anonymous) @ node_modules_pnpm_segment_analytics-next_1_55_0_node_modules_segment_analytics-next_dist_pkg_-9c77f8.0fb4627ccf225f8b.js:1
(anonymous) @ node_modules_pnpm_segment_analytics-next_1_55_0_node_modules_segment_analytics-next_dist_pkg_-9c77f8.0fb4627ccf225f8b.js:1
b @ polyfills.ef60533980304a0c.js:1
P @ node_modules_pnpm_segment_analytics-next_1_55_0_node_modules_segment_analytics-next_dist_pkg_-9c77f8.0fb4627ccf225f8b.js:1
De @ node_modules_pnpm_segment_analytics-next_1_55_0_node_modules_segment_analytics-next_dist_pkg_-9c77f8.0fb4627ccf225f8b.js:1
(anonymous) @ node_modules_pnpm_segment_analytics-next_1_55_0_node_modules_segment_analytics-next_dist_pkg_-9c77f8.0fb4627ccf225f8b.js:1
nt @ node_modules_pnpm_segment_analytics-next_1_55_0_node_modules_segment_analytics-next_dist_pkg_-9c77f8.0fb4627ccf225f8b.js:1
(anonymous) @ node_modules_pnpm_segment_analytics-next_1_55_0_node_modules_segment_analytics-next_dist_pkg_-9c77f8.0fb4627ccf225f8b.js:1
W @ node_modules_pnpm_segment_analytics-next_1_55_0_node_modules_segment_analytics-next_dist_pkg_-9c77f8.0fb4627ccf225f8b.js:1
invoke @ polyfills.ef60533980304a0c.js:1
onInvoke @ main.8a82285c979b31aa.js:1942
invoke @ polyfills.ef60533980304a0c.js:1
run @ polyfills.ef60533980304a0c.js:1
(anonymous) @ polyfills.ef60533980304a0c.js:1
invokeTask @ polyfills.ef60533980304a0c.js:1
onInvokeTask @ main.8a82285c979b31aa.js:1942
invokeTask @ polyfills.ef60533980304a0c.js:1
runTask @ polyfills.ef60533980304a0c.js:1
V @ polyfills.ef60533980304a0c.js:1
Promise.then (async)
Kt @ polyfills.ef60533980304a0c.js:1
vt @ polyfills.ef60533980304a0c.js:1
scheduleTask @ polyfills.ef60533980304a0c.js:1
onScheduleTask @ polyfills.ef60533980304a0c.js:1
scheduleTask @ polyfills.ef60533980304a0c.js:1
scheduleTask @ polyfills.ef60533980304a0c.js:1
scheduleMicroTask @ polyfills.ef60533980304a0c.js:1
te @ polyfills.ef60533980304a0c.js:1
Vt @ polyfills.ef60533980304a0c.js:1
(anonymous) @ polyfills.ef60533980304a0c.js:1
(anonymous) @ polyfills.ef60533980304a0c.js:1
i @ runtime.4c46d839b5ac8584.js:1
(anonymous) @ schemaFilter.6e85283bdee4007a.js:1
main.1b182128.js:1 Refused to load the script 'https://ct.pinterest.com/static/ct/token_create.js' because it violates the following Content Security Policy directive: "script-src 'self' blob: https://apis.google.com https://accounts.google.com https://js.live.net https://app.box.com https://www.dropbox.com https://maps.googleapis.com https://cdn1.codox.io https://cdn1.stage.codox.io https://cdn2.stage.codox.io https://cdn.jsdelivr.net https://cdn.firstpromoter.com https://calendly.com https://miro.com https://platform.harvestapp.com https://*.wistia.com https://*.wistia.net https://src.litix.io https://*.daily.co https://api.daily.co https://zapier.com https://cdn.zapier.com https://ct.capterra.com https://cdn.servicebell.com https://*.clarity.ms https://www.googletagmanager.com https://www.googleadservices.com https://www.google-analytics.com https://ssl.google-analytics.com https://hat.thepointyspritesclub.com https://www.redditstatic.com https://googleads.g.doubleclick.net https://core.thepointyspritesclub.com https://m.servedby-buysellads.com https://canny.io https://snap.licdn.com https://www.google.com https://www.gstatic.com https://www.gstatic.cn/recaptcha/releases/ https://recaptcha.net/recaptcha/ https://*.sdk.awswaf.com https://*.token.awswaf.com https://connect.facebook.net https://x.clearbitjs.com https://s.pinimg.com https://sdk.minervaknows.com https://sdk-services.minervaknows.com https://pendo-io-static.storage.googleapis.com https://cdn.pendo.io https://pendo-static-5086206243897344.storage.googleapis.com https://data.pendo.io https://app.pendo.io https://content.webproduct.clickup.com https://data.webproduct.clickup.com 'sha256-4F3AlVDfHOAh+oYhZPs3EVMNLNadjO8On0Dw7KGh/0k=' 'sha256-HlaGGq5nhTgcEEAWmEiWF8Bdf6qDczq6wsXFnlEg7Tg=' https://fast.chameleon.io https://cdn.pdst.fm 'sha256-j2ps3etSlArdF3rx5RB3P1LHnZ5QaPvxPl1kLybUU1I=' todesktop-internal: https://code.highcharts.com https://embedding.workato.com https://*.tailwindcss.com https://unpkg.com/html2canvas https://*.apis.google.com 'unsafe-hashes' 'sha256-rRMdkshZyJlCmDX27XnL7g3zXaxv7ei6Sg+yt4R3svU=' 'sha256-46mc3H6z56gnOReRHr//8M7FxjqtSaDN7KetqqduuiE=' 'sha256-lo7ZdP6kFds+wf1WMWvn7MhcFVFJV44kAXODRevzRZ8=' 'sha256-kjwZ9XFHUXkRgP39E+c2Nq0vJmP8LXFE0uBk6CONyps=' 'sha256-lYEr2zHO9mOSeyRaGwAV3ONrKh8W0bkmiI1dNP3XPw8=' 'sha256-LMJv8ESlfiCF+9pWKUez+VXyvZdYrT+fcQ3Eps4XPyQ=' 'sha256-O9aq+7SwZvvc0fhedjnYucjU23ErSZyDH2NlMpTcIrg=' 'sha256-crv0swrwxjIlHW1jNIPi6B6rE2DSmtsXQFN5PQKnM28=' 'sha256-18PfGZ5/htE/jRivbwelUdaz5nHCggm6Z4DwoAxuuuQ=' 'sha256-ZdDTEfl8xrGn7iZ/2mMDizDIe6JRmep2vz9STHJi4Zs=' 'sha256-XmUonDD4SHX/8KL3j/86z0J1usvsHZ1xoxcYIkK9ofY=' 'sha256-TMQYQm5DIUPhkboCV7JZ+UNcKeh2iHk2kDZ+GzVnZyM=' 'sha256-rv9RoPCujGN0BWUcqLIueZC4J98NAoFBaa2VQHSBLUA=' 'sha256-MhQnurjVkR0d3jTJlT4vDS8W1Ul2ufyOI9GbZmyONCc=' 'sha256-fkL1dWflM/Pp1A6PqNJzVUuQZHXkpviRNjFFgUWDc0o=' 'sha256-JrwHtCkAMCxphN8OUZ/8B2IOHBF0GxYQVm/u8lnHk5U=' 'sha256-aPtbM89KJ2QtT9b3cTayhhL6B9UAtlXVAIrISmkAqlo=' 'sha256-dplqP925cq1wFUU0QEM3ErDaKHbkInjAYRqinz3ckA4=' 'sha256-+WyYVdw/xyJMSon2S4rJiuvQwzfxnaOVyO9fBWnBdfI=' 'sha256-d53GrCUkhYjY5Gg+lvPu4EvwVHF469YN3xDuBKJ1zlw=' 'sha256-6YVBj8Dp8/hmBCVa1GkZq10MnLp4jxNZ7DlQg/1e9do=' 'sha256-c46qGWZpjsaDTejjs2vXcwKULa5GqfWHy6NpfRj7RLo=' 'sha256-NAVhSZ+FJwaLOVUVF5pNJJHxUVkbWK5v3gCC+rhwqUE=' 'sha256-9/0hd96qoXdEcT1/9WrK3RBCF0b9iAcQILT7kCdqymI=' 'sha256-8NDdvKWDYv66kjW9fgz/ZKScITpkp4dbsM+TA/O04RM=' 'sha256-d9X+lt79bIweOwRmtIJ8+D3H5ccnoQF34RXSUTL6hvY=' 'sha256-tfwk6Z/5gbYQErJTx0xXYv88nf2sOTB9ziGzTRM780I=' 'sha256-r0zKdIaVXL5La22Qv6w3BFOUx0ZioSsqoP8AOEdGty0=' 'sha256-4Hq8ngOaih5AFi/QwY8sfU4scUQ7UWGxcITuIl1h45Y=' 'sha256-G574QxiyzjYg5WRPE1EIV7ybIvR8RSwSodlLw3OSsSo=' 'sha256-62dGtgZECu/Vf7xGnq6kk2x9UEFtACjjvxdPXV22Y1I=' 'sha256-A1G2PMl7phK8KZzsPIbRZuxaapDp859I6mcj40iW1Vo=' 'sha256-J3lp2ucUq+OQgBYI0rDj0IUEuz0buuDTaQjYGjNVQgU=' 'sha256-HsDuP/JOW1/mYiKGwTIYa1MLC/2ccZaJNF8oxxGPr+I=' https://*.singular.com https://*.singular.net https://datadoghq.com https://tpc.googlesyndication.com https://*.walkme.com https://cdn.segment.com https://*.taboola.com https://*.pointmediatracker.com https://*.marketo.net https://*.facebook.net https://*.tiktok.com https://*.ada.support https://app-cdn.clickup.com". Note that 'script-src-elem' was not explicitly set, so 'script-src' is used as a fallback.

fn @ main.1b182128.js:1
invokeTask @ polyfills.ef60533980304a0c.js:1
runTask @ polyfills.ef60533980304a0c.js:1
invokeTask @ polyfills.ef60533980304a0c.js:1
Et @ polyfills.ef60533980304a0c.js:1
St @ polyfills.ef60533980304a0c.js:1
kt @ polyfills.ef60533980304a0c.js:1
load (async)
Qt.b @ polyfills.ef60533980304a0c.js:1
scheduleTask @ polyfills.ef60533980304a0c.js:1
scheduleTask @ polyfills.ef60533980304a0c.js:1
scheduleEventTask @ polyfills.ef60533980304a0c.js:1
(anonymous) @ polyfills.ef60533980304a0c.js:1
Cc @ gtm.js?id=GTM-KPP2P6X:195
(anonymous) @ gtm.js?id=GTM-KPP2P6X:779
c @ gtm.js?id=GTM-KPP2P6X:772
(anonymous) @ gtm.js?id=GTM-KPP2P6X:774
(anonymous) @ gtm.js?id=GTM-KPP2P6X:774
(anonymous) @ gtm.js?id=GTM-KPP2P6X:785
pixel.pointmediatracker.com/kpi?c=clickup&kpi=visit&tag_id=190&fpc=ff71daa2-725f-4494-a7a1-105e9781e3fe&utm_source=idp-tst.rbinternational.com&utm_medium=referral&utm_campaign=&gtmcb=1813807042:1 
        
        
       GET https://pixel.pointmediatracker.com/kpi?c=clickup&kpi=visit&tag_id=190&fpc=ff71daa2-725f-4494-a7a1-105e9781e3fe&utm_source=idp-tst.rbinternational.com&utm_medium=referral&utm_campaign=&gtmcb=1813807042 net::ERR_NAME_NOT_RESOLVED
Image (async)
Bc @ gtm.js?id=GTM-KPP2P6X:195
EI @ gtm.js?id=GTM-KPP2P6X:683
Z.__img @ gtm.js?id=GTM-KPP2P6X:766
zf @ gtm.js?id=GTM-KPP2P6X:250
e @ gtm.js?id=GTM-KPP2P6X:576
(anonymous) @ gtm.js?id=GTM-KPP2P6X:183
(anonymous) @ gtm.js?id=GTM-KPP2P6X:577
(anonymous) @ gtm.js?id=GTM-KPP2P6X:577
cx @ gtm.js?id=GTM-KPP2P6X:577
(anonymous) @ gtm.js?id=GTM-KPP2P6X:577
gx @ gtm.js?id=GTM-KPP2P6X:577
px @ gtm.js?id=GTM-KPP2P6X:582
my @ gtm.js?id=GTM-KPP2P6X:600
py @ gtm.js?id=GTM-KPP2P6X:604
b.push @ gtm.js?id=GTM-KPP2P6X:608
b.push @ destination?id=AW-617640813&l=dataLayer&cx=c:542
b.push @ destination?id=AW-867030291&l=dataLayer&cx=c:541
b.push @ js?id=AW-617640813:559
b.push @ destination?id=G-CMNNJGSJVV&l=dataLayer&cx=c:548
(anonymous) @ gtm.js?id=GTM-KPP2P6X:607
xt.<computed> @ polyfills.ef60533980304a0c.js:1
invokeTask @ polyfills.ef60533980304a0c.js:1
runTask @ polyfills.ef60533980304a0c.js:1
invokeTask @ polyfills.ef60533980304a0c.js:1
invoke @ polyfills.ef60533980304a0c.js:1
K._.args.<computed> @ polyfills.ef60533980304a0c.js:1
setTimeout (async)
K @ polyfills.ef60533980304a0c.js:1
scheduleTask @ polyfills.ef60533980304a0c.js:1
scheduleTask @ polyfills.ef60533980304a0c.js:1
scheduleMacroTask @ polyfills.ef60533980304a0c.js:1
m @ polyfills.ef60533980304a0c.js:1
(anonymous) @ polyfills.ef60533980304a0c.js:1
Ct.S.<computed> @ polyfills.ef60533980304a0c.js:1
I @ gtm.js?id=GTM-KPP2P6X:195
ay @ gtm.js?id=GTM-KPP2P6X:598
invokeTask @ polyfills.ef60533980304a0c.js:1
runTask @ polyfills.ef60533980304a0c.js:1
invokeTask @ polyfills.ef60533980304a0c.js:1
Et @ polyfills.ef60533980304a0c.js:1
St @ polyfills.ef60533980304a0c.js:1
kt @ polyfills.ef60533980304a0c.js:1
load (async)
Qt.b @ polyfills.ef60533980304a0c.js:1
scheduleTask @ polyfills.ef60533980304a0c.js:1
scheduleTask @ polyfills.ef60533980304a0c.js:1
scheduleEventTask @ polyfills.ef60533980304a0c.js:1
(anonymous) @ polyfills.ef60533980304a0c.js:1
Cc @ gtm.js?id=GTM-KPP2P6X:195
(anonymous) @ gtm.js?id=GTM-KPP2P6X:779
c @ gtm.js?id=GTM-KPP2P6X:772
(anonymous) @ gtm.js?id=GTM-KPP2P6X:774
(anonymous) @ gtm.js?id=GTM-KPP2P6X:774
(anonymous) @ gtm.js?id=GTM-KPP2P6X:785
