scripts.f1ff7dede51b791f.js:1 Are you an exceptional Angular Engineer?Want to work on a product used and loved by millions of people?Then come and work for ClickUp!https://clickup.com/careers
polyfills.bed00976d4cd1661.js:1 [Violation] 'setTimeout' handler took 230ms
VM204:2 none|none|none|none
VM204:3 {source: 'idp-tst.rbinternational.com', medium: 'referral', content: '', campaign: ''}campaign: ""content: ""medium: "referral"source: "idp-tst.rbinternational.com"[[Prototype]]: Objectconstructor: ƒ Object()hasOwnProperty: ƒ hasOwnProperty()isPrototypeOf: ƒ isPrototypeOf()propertyIsEnumerable: ƒ propertyIsEnumerable()toLocaleString: ƒ toLocaleString()toString: ƒ ()valueOf: ƒ valueOf()__defineGetter__: ƒ __defineGetter__()__defineSetter__: ƒ __defineSetter__()__lookupGetter__: ƒ __lookupGetter__()__lookupSetter__: ƒ __lookupSetter__()__proto__: (...)get __proto__: ƒ __proto__()set __proto__: ƒ __proto__()
polyfills.bed00976d4cd1661.js:1 [Violation] 'setTimeout' handler took 136ms
client.js:1 allClient.js started loading at: 1722597371039
client.js:5246 client.js fully loaded at: 1722597371039
VM223:2 ORAESSOstart at: 1722597371253
VM223:2 client.js loading
VM223:2 chromeCode adding message listener
main.9f9c38c0101d5cc6.js:1 NgrxStoreIdb: version matched.
signup:1 [DOM] Input elements should have autocomplete attributes (suggested: "current-password"): (More info: https://goo.gl/9p2vKq) <input id=​"signup-password-input" type=​"password" spellcheck=​"false" autocorrect=​"off" placeholder=​"Minimum 8 characters" formcontrolname=​"password" maxlength=​"256" data-test=​"signup-form__password-input" aria-describedby=​"cu-signup-form__error_password" class=​"cu-form__input ng-untouched ng-pristine ng-invalid" aria-invalid=​"false">​
[Violation] 'message' handler took <N>ms
[Violation] 'message' handler took <N>ms
[Violation] 'message' handler took <N>ms
[Violation] 'message' handler took <N>ms
[Violation] 'message' handler took <N>ms
[Violation] 'message' handler took <N>ms
signup:1 Third-party cookie will be blocked. Learn more in the Issues tab.
[Violation] 'requestIdleCallback' handler took <N>ms
[Violation] 'requestIdleCallback' handler took <N>ms
[Violation] 'requestIdleCallback' handler took <N>ms
[Violation] 'requestIdleCallback' handler took <N>ms
[Violation] 'requestIdleCallback' handler took <N>ms
signup:1 Third-party cookie will be blocked. Learn more in the Issues tab.
polyfills.bed00976d4cd1661.js:1 [Violation] 'setTimeout' handler took 55ms
signup:1 Third-party cookie will be blocked. Learn more in the Issues tab.
main.cb788166.js:1 Refused to load the script 'https://ct.pinterest.com/static/ct/token_create.js' because it violates the following Content Security Policy directive: "script-src 'self' blob: https://apis.google.com https://accounts.google.com https://js.live.net https://app.box.com https://www.dropbox.com https://maps.googleapis.com https://cdn1.codox.io https://cdn1.stage.codox.io https://cdn2.stage.codox.io https://cdn.jsdelivr.net https://cdn.firstpromoter.com https://calendly.com https://miro.com https://platform.harvestapp.com https://*.wistia.com https://*.wistia.net https://src.litix.io https://*.daily.co https://api.daily.co https://zapier.com https://cdn.zapier.com https://ct.capterra.com https://cdn.servicebell.com https://*.clarity.ms https://www.googletagmanager.com https://www.googleadservices.com https://www.google-analytics.com https://ssl.google-analytics.com https://hat.thepointyspritesclub.com https://www.redditstatic.com https://googleads.g.doubleclick.net https://core.thepointyspritesclub.com https://m.servedby-buysellads.com https://canny.io https://snap.licdn.com https://www.google.com https://www.gstatic.com https://www.gstatic.cn/recaptcha/releases/ https://recaptcha.net/recaptcha/ https://*.sdk.awswaf.com https://*.token.awswaf.com https://connect.facebook.net https://x.clearbitjs.com https://s.pinimg.com https://sdk.minervaknows.com https://sdk-services.minervaknows.com https://pendo-io-static.storage.googleapis.com https://cdn.pendo.io https://pendo-static-5086206243897344.storage.googleapis.com https://data.pendo.io https://app.pendo.io https://content.webproduct.clickup.com https://data.webproduct.clickup.com 'sha256-4F3AlVDfHOAh+oYhZPs3EVMNLNadjO8On0Dw7KGh/0k=' 'sha256-HlaGGq5nhTgcEEAWmEiWF8Bdf6qDczq6wsXFnlEg7Tg=' https://fast.chameleon.io https://cdn.pdst.fm 'sha256-j2ps3etSlArdF3rx5RB3P1LHnZ5QaPvxPl1kLybUU1I=' todesktop-internal: https://code.highcharts.com https://embedding.workato.com https://*.tailwindcss.com https://unpkg.com/html2canvas https://*.apis.google.com 'unsafe-hashes' 'sha256-rRMdkshZyJlCmDX27XnL7g3zXaxv7ei6Sg+yt4R3svU=' 'sha256-46mc3H6z56gnOReRHr//8M7FxjqtSaDN7KetqqduuiE=' 'sha256-lo7ZdP6kFds+wf1WMWvn7MhcFVFJV44kAXODRevzRZ8=' 'sha256-kjwZ9XFHUXkRgP39E+c2Nq0vJmP8LXFE0uBk6CONyps=' 'sha256-lYEr2zHO9mOSeyRaGwAV3ONrKh8W0bkmiI1dNP3XPw8=' 'sha256-LMJv8ESlfiCF+9pWKUez+VXyvZdYrT+fcQ3Eps4XPyQ=' 'sha256-O9aq+7SwZvvc0fhedjnYucjU23ErSZyDH2NlMpTcIrg=' 'sha256-crv0swrwxjIlHW1jNIPi6B6rE2DSmtsXQFN5PQKnM28=' 'sha256-18PfGZ5/htE/jRivbwelUdaz5nHCggm6Z4DwoAxuuuQ=' 'sha256-ZdDTEfl8xrGn7iZ/2mMDizDIe6JRmep2vz9STHJi4Zs=' 'sha256-XmUonDD4SHX/8KL3j/86z0J1usvsHZ1xoxcYIkK9ofY=' 'sha256-TMQYQm5DIUPhkboCV7JZ+UNcKeh2iHk2kDZ+GzVnZyM=' 'sha256-rv9RoPCujGN0BWUcqLIueZC4J98NAoFBaa2VQHSBLUA=' 'sha256-MhQnurjVkR0d3jTJlT4vDS8W1Ul2ufyOI9GbZmyONCc=' 'sha256-fkL1dWflM/Pp1A6PqNJzVUuQZHXkpviRNjFFgUWDc0o=' 'sha256-JrwHtCkAMCxphN8OUZ/8B2IOHBF0GxYQVm/u8lnHk5U=' 'sha256-aPtbM89KJ2QtT9b3cTayhhL6B9UAtlXVAIrISmkAqlo=' 'sha256-dplqP925cq1wFUU0QEM3ErDaKHbkInjAYRqinz3ckA4=' 'sha256-+WyYVdw/xyJMSon2S4rJiuvQwzfxnaOVyO9fBWnBdfI=' 'sha256-d53GrCUkhYjY5Gg+lvPu4EvwVHF469YN3xDuBKJ1zlw=' 'sha256-6YVBj8Dp8/hmBCVa1GkZq10MnLp4jxNZ7DlQg/1e9do=' 'sha256-c46qGWZpjsaDTejjs2vXcwKULa5GqfWHy6NpfRj7RLo=' 'sha256-NAVhSZ+FJwaLOVUVF5pNJJHxUVkbWK5v3gCC+rhwqUE=' 'sha256-9/0hd96qoXdEcT1/9WrK3RBCF0b9iAcQILT7kCdqymI=' 'sha256-8NDdvKWDYv66kjW9fgz/ZKScITpkp4dbsM+TA/O04RM=' 'sha256-d9X+lt79bIweOwRmtIJ8+D3H5ccnoQF34RXSUTL6hvY=' 'sha256-tfwk6Z/5gbYQErJTx0xXYv88nf2sOTB9ziGzTRM780I=' 'sha256-r0zKdIaVXL5La22Qv6w3BFOUx0ZioSsqoP8AOEdGty0=' 'sha256-4Hq8ngOaih5AFi/QwY8sfU4scUQ7UWGxcITuIl1h45Y=' 'sha256-G574QxiyzjYg5WRPE1EIV7ybIvR8RSwSodlLw3OSsSo=' 'sha256-62dGtgZECu/Vf7xGnq6kk2x9UEFtACjjvxdPXV22Y1I=' 'sha256-A1G2PMl7phK8KZzsPIbRZuxaapDp859I6mcj40iW1Vo=' 'sha256-J3lp2ucUq+OQgBYI0rDj0IUEuz0buuDTaQjYGjNVQgU=' 'sha256-HsDuP/JOW1/mYiKGwTIYa1MLC/2ccZaJNF8oxxGPr+I=' https://*.singular.com https://*.singular.net https://datadoghq.com https://tpc.googlesyndication.com https://*.walkme.com https://cdn.segment.com https://*.taboola.com https://*.pointmediatracker.com https://*.marketo.net https://*.facebook.net https://*.tiktok.com https://*.ada.support https://app-cdn.clickup.com". Note that 'script-src-elem' was not explicitly set, so 'script-src' is used as a fallback.

en @ main.cb788166.js:1
invokeTask @ polyfills.bed00976d4cd1661.js:1
runTask @ polyfills.bed00976d4cd1661.js:1
invokeTask @ polyfills.bed00976d4cd1661.js:1
Et @ polyfills.bed00976d4cd1661.js:1
St @ polyfills.bed00976d4cd1661.js:1
kt @ polyfills.bed00976d4cd1661.js:1
load (async)
Qt.b @ polyfills.bed00976d4cd1661.js:1
scheduleTask @ polyfills.bed00976d4cd1661.js:1
scheduleTask @ polyfills.bed00976d4cd1661.js:1
scheduleEventTask @ polyfills.bed00976d4cd1661.js:1
(anonymous) @ polyfills.bed00976d4cd1661.js:1
Hc @ gtm.js?id=GTM-KPP2P6X:185
(anonymous) @ gtm.js?id=GTM-KPP2P6X:758
c @ gtm.js?id=GTM-KPP2P6X:751
(anonymous) @ gtm.js?id=GTM-KPP2P6X:753
(anonymous) @ gtm.js?id=GTM-KPP2P6X:753
(anonymous) @ gtm.js?id=GTM-KPP2P6X:764
kpi:1 
        
        
       GET https://pixel.pointmediatracker.com/kpi?c=clickup&kpi=visit&tag_id=190&fpc=0f264b4f-06d1-4457-9219-2e0ff480048c&utm_source=idp-tst.rbinternational.com&utm_medium=referral&utm_campaign=&gtmcb=2107632962 504 (Gateway Timeout)
Image (async)
Gc @ gtm.js?id=GTM-KPP2P6X:185
yI @ gtm.js?id=GTM-KPP2P6X:662
Z.__img @ gtm.js?id=GTM-KPP2P6X:745
Df @ gtm.js?id=GTM-KPP2P6X:240
e @ gtm.js?id=GTM-KPP2P6X:558
(anonymous) @ gtm.js?id=GTM-KPP2P6X:173
(anonymous) @ gtm.js?id=GTM-KPP2P6X:559
(anonymous) @ gtm.js?id=GTM-KPP2P6X:559
ex @ gtm.js?id=GTM-KPP2P6X:559
(anonymous) @ gtm.js?id=GTM-KPP2P6X:559
ix @ gtm.js?id=GTM-KPP2P6X:559
rx @ gtm.js?id=GTM-KPP2P6X:564
my @ gtm.js?id=GTM-KPP2P6X:581
py @ gtm.js?id=GTM-KPP2P6X:585
b.push @ gtm.js?id=GTM-KPP2P6X:589
b.push @ js?id=AW-617640813:558
b.push @ destination?id=AW-617640813&l=dataLayer&cx=c:533
b.push @ destination?id=G-CMNNJGSJVV&l=dataLayer&cx=c:540
b.push @ destination?id=AW-867030291&l=dataLayer&cx=c:534
(anonymous) @ gtm.js?id=GTM-KPP2P6X:588
xt.<computed> @ polyfills.bed00976d4cd1661.js:1
invokeTask @ polyfills.bed00976d4cd1661.js:1
runTask @ polyfills.bed00976d4cd1661.js:1
invokeTask @ polyfills.bed00976d4cd1661.js:1
invoke @ polyfills.bed00976d4cd1661.js:1
K._.args.<computed> @ polyfills.bed00976d4cd1661.js:1
setTimeout (async)
K @ polyfills.bed00976d4cd1661.js:1
scheduleTask @ polyfills.bed00976d4cd1661.js:1
scheduleTask @ polyfills.bed00976d4cd1661.js:1
scheduleMacroTask @ polyfills.bed00976d4cd1661.js:1
m @ polyfills.bed00976d4cd1661.js:1
(anonymous) @ polyfills.bed00976d4cd1661.js:1
Ct.S.<computed> @ polyfills.bed00976d4cd1661.js:1
J @ gtm.js?id=GTM-KPP2P6X:185
ay @ gtm.js?id=GTM-KPP2P6X:579
invokeTask @ polyfills.bed00976d4cd1661.js:1
runTask @ polyfills.bed00976d4cd1661.js:1
invokeTask @ polyfills.bed00976d4cd1661.js:1
Et @ polyfills.bed00976d4cd1661.js:1
St @ polyfills.bed00976d4cd1661.js:1
kt @ polyfills.bed00976d4cd1661.js:1
load (async)
Qt.b @ polyfills.bed00976d4cd1661.js:1
scheduleTask @ polyfills.bed00976d4cd1661.js:1
scheduleTask @ polyfills.bed00976d4cd1661.js:1
scheduleEventTask @ polyfills.bed00976d4cd1661.js:1
(anonymous) @ polyfills.bed00976d4cd1661.js:1
Hc @ gtm.js?id=GTM-KPP2P6X:185
(anonymous) @ gtm.js?id=GTM-KPP2P6X:758
c @ gtm.js?id=GTM-KPP2P6X:751
(anonymous) @ gtm.js?id=GTM-KPP2P6X:753
(anonymous) @ gtm.js?id=GTM-KPP2P6X:753
(anonymous) @ gtm.js?id=GTM-KPP2P6X:764
[Violation] 'load' handler took <N>ms
[Violation] 'load' handler took <N>ms
[Violation] 'load' handler took <N>ms
[Violation] 'load' handler took <N>ms
[Violation] 'load' handler took <N>ms
[Violation] 'load' handler took <N>ms
[Violation] 'load' handler took <N>ms
polyfills.bed00976d4cd1661.js:1 [Violation] 'setTimeout' handler took 68ms
[Violation] Forced reflow while executing JavaScript took 67ms
polyfills.bed00976d4cd1661.js:1 
        
        
       GET http://localhost:23435/is-comm-server-running net::ERR_CONNECTION_REFUSED
(anonymous) @ polyfills.bed00976d4cd1661.js:1
Ct.S.<computed> @ polyfills.bed00976d4cd1661.js:1
(anonymous) @ main.9f9c38c0101d5cc6.js:1
$n @ main.9f9c38c0101d5cc6.js:1
(anonymous) @ main.MTc2ZTRjM2Y4MQ.js:2
b @ polyfills.bed00976d4cd1661.js:1
fetch @ main.MTc2ZTRjM2Y4MQ.js:2
(anonymous) @ main.9f9c38c0101d5cc6.js:1
(anonymous) @ main.9f9c38c0101d5cc6.js:1
b @ polyfills.bed00976d4cd1661.js:1
e @ main.9f9c38c0101d5cc6.js:1
l @ main.9f9c38c0101d5cc6.js:1
(anonymous) @ main.9f9c38c0101d5cc6.js:1
(anonymous) @ main.9f9c38c0101d5cc6.js:1
b @ polyfills.bed00976d4cd1661.js:1
e @ main.9f9c38c0101d5cc6.js:1
i @ main.9f9c38c0101d5cc6.js:1
(anonymous) @ main.9f9c38c0101d5cc6.js:232
e @ polyfills.bed00976d4cd1661.js:1
d @ polyfills.bed00976d4cd1661.js:1
(anonymous) @ polyfills.bed00976d4cd1661.js:1
b @ polyfills.bed00976d4cd1661.js:1
(anonymous) @ polyfills.bed00976d4cd1661.js:1
(anonymous) @ main.9f9c38c0101d5cc6.js:232
c.subscribe.u @ main.9f9c38c0101d5cc6.js:1
_next @ main.9f9c38c0101d5cc6.js:1
next @ main.9f9c38c0101d5cc6.js:1
subscribe.d @ main.9f9c38c0101d5cc6.js:1
_next @ main.9f9c38c0101d5cc6.js:1
next @ main.9f9c38c0101d5cc6.js:1
(anonymous) @ main.9f9c38c0101d5cc6.js:1
_next @ main.9f9c38c0101d5cc6.js:1
next @ main.9f9c38c0101d5cc6.js:1
(anonymous) @ main.9f9c38c0101d5cc6.js:1
_next @ main.9f9c38c0101d5cc6.js:1
next @ main.9f9c38c0101d5cc6.js:1
_next @ main.9f9c38c0101d5cc6.js:1
next @ main.9f9c38c0101d5cc6.js:1
subscribe.d @ main.9f9c38c0101d5cc6.js:1
_next @ main.9f9c38c0101d5cc6.js:1
next @ main.9f9c38c0101d5cc6.js:1
(anonymous) @ main.9f9c38c0101d5cc6.js:1
_trySubscribe @ main.9f9c38c0101d5cc6.js:1
(anonymous) @ main.9f9c38c0101d5cc6.js:1
o @ main.9f9c38c0101d5cc6.js:1
subscribe @ main.9f9c38c0101d5cc6.js:1
c.subscribe.u @ main.9f9c38c0101d5cc6.js:1
_next @ main.9f9c38c0101d5cc6.js:1
next @ main.9f9c38c0101d5cc6.js:1
(anonymous) @ main.9f9c38c0101d5cc6.js:1
_next @ main.9f9c38c0101d5cc6.js:1
next @ main.9f9c38c0101d5cc6.js:1
(anonymous) @ main.9f9c38c0101d5cc6.js:1
_next @ main.9f9c38c0101d5cc6.js:1
next @ main.9f9c38c0101d5cc6.js:1
(anonymous) @ main.9f9c38c0101d5cc6.js:1
_next @ main.9f9c38c0101d5cc6.js:1
next @ main.9f9c38c0101d5cc6.js:1
_subscribe @ main.9f9c38c0101d5cc6.js:1
_trySubscribe @ main.9f9c38c0101d5cc6.js:1
_trySubscribe @ main.9f9c38c0101d5cc6.js:1
(anonymous) @ main.9f9c38c0101d5cc6.js:1
o @ main.9f9c38c0101d5cc6.js:1
subscribe @ main.9f9c38c0101d5cc6.js:1
_subscribe @ main.9f9c38c0101d5cc6.js:1
(anonymous) @ main.9f9c38c0101d5cc6.js:1
o @ main.9f9c38c0101d5cc6.js:1
subscribe @ main.9f9c38c0101d5cc6.js:1
(anonymous) @ main.9f9c38c0101d5cc6.js:1
(anonymous) @ main.9f9c38c0101d5cc6.js:1
(anonymous) @ main.9f9c38c0101d5cc6.js:1
o @ main.9f9c38c0101d5cc6.js:1
subscribe @ main.9f9c38c0101d5cc6.js:1
(anonymous) @ main.9f9c38c0101d5cc6.js:1
(anonymous) @ main.9f9c38c0101d5cc6.js:1
(anonymous) @ main.9f9c38c0101d5cc6.js:1
o @ main.9f9c38c0101d5cc6.js:1
subscribe @ main.9f9c38c0101d5cc6.js:1
(anonymous) @ main.9f9c38c0101d5cc6.js:1
h @ main.9f9c38c0101d5cc6.js:1
(anonymous) @ main.9f9c38c0101d5cc6.js:1
h @ main.9f9c38c0101d5cc6.js:1
(anonymous) @ main.9f9c38c0101d5cc6.js:1
_trySubscribe @ main.9f9c38c0101d5cc6.js:1
(anonymous) @ main.9f9c38c0101d5cc6.js:1
o @ main.9f9c38c0101d5cc6.js:1
subscribe @ main.9f9c38c0101d5cc6.js:1
(anonymous) @ main.9f9c38c0101d5cc6.js:1
(anonymous) @ main.9f9c38c0101d5cc6.js:1
(anonymous) @ main.9f9c38c0101d5cc6.js:1
o @ main.9f9c38c0101d5cc6.js:1
subscribe @ main.9f9c38c0101d5cc6.js:1
(anonymous) @ main.9f9c38c0101d5cc6.js:1
(anonymous) @ main.9f9c38c0101d5cc6.js:1
(anonymous) @ main.9f9c38c0101d5cc6.js:1
o @ main.9f9c38c0101d5cc6.js:1
subscribe @ main.9f9c38c0101d5cc6.js:1
(anonymous) @ main.9f9c38c0101d5cc6.js:1
(anonymous) @ main.9f9c38c0101d5cc6.js:1
(anonymous) @ main.9f9c38c0101d5cc6.js:1
o @ main.9f9c38c0101d5cc6.js:1
subscribe @ main.9f9c38c0101d5cc6.js:1
(anonymous) @ main.9f9c38c0101d5cc6.js:1
(anonymous) @ main.9f9c38c0101d5cc6.js:1
(anonymous) @ main.9f9c38c0101d5cc6.js:1
o @ main.9f9c38c0101d5cc6.js:1
subscribe @ main.9f9c38c0101d5cc6.js:1
c.subscribe.u @ main.9f9c38c0101d5cc6.js:1
_next @ main.9f9c38c0101d5cc6.js:1
next @ main.9f9c38c0101d5cc6.js:1
(anonymous) @ main.9f9c38c0101d5cc6.js:1
_next @ main.9f9c38c0101d5cc6.js:1
next @ main.9f9c38c0101d5cc6.js:1
(anonymous) @ main.9f9c38c0101d5cc6.js:1
_trySubscribe @ main.9f9c38c0101d5cc6.js:1
(anonymous) @ main.9f9c38c0101d5cc6.js:1
o @ main.9f9c38c0101d5cc6.js:1
subscribe @ main.9f9c38c0101d5cc6.js:1
(anonymous) @ main.9f9c38c0101d5cc6.js:1
(anonymous) @ main.9f9c38c0101d5cc6.js:1
(anonymous) @ main.9f9c38c0101d5cc6.js:1
o @ main.9f9c38c0101d5cc6.js:1
subscribe @ main.9f9c38c0101d5cc6.js:1
(anonymous) @ main.9f9c38c0101d5cc6.js:1
(anonymous) @ main.9f9c38c0101d5cc6.js:1
(anonymous) @ main.9f9c38c0101d5cc6.js:1
o @ main.9f9c38c0101d5cc6.js:1
subscribe @ main.9f9c38c0101d5cc6.js:1
(anonymous) @ main.9f9c38c0101d5cc6.js:1
(anonymous) @ main.9f9c38c0101d5cc6.js:1
(anonymous) @ main.9f9c38c0101d5cc6.js:1
o @ main.9f9c38c0101d5cc6.js:1
subscribe @ main.9f9c38c0101d5cc6.js:1
c.subscribe.u @ main.9f9c38c0101d5cc6.js:1
_next @ main.9f9c38c0101d5cc6.js:1
next @ main.9f9c38c0101d5cc6.js:1
(anonymous) @ main.9f9c38c0101d5cc6.js:1
_next @ main.9f9c38c0101d5cc6.js:1
next @ main.9f9c38c0101d5cc6.js:1
(anonymous) @ main.9f9c38c0101d5cc6.js:1
_next @ main.9f9c38c0101d5cc6.js:1
next @ main.9f9c38c0101d5cc6.js:1
(anonymous) @ main.9f9c38c0101d5cc6.js:1
_next @ main.9f9c38c0101d5cc6.js:1
next @ main.9f9c38c0101d5cc6.js:1
(anonymous) @ main.9f9c38c0101d5cc6.js:1
o @ main.9f9c38c0101d5cc6.js:1
next @ main.9f9c38c0101d5cc6.js:1
(anonymous) @ main.9f9c38c0101d5cc6.js:1903
next @ main.9f9c38c0101d5cc6.js:1
_next @ main.9f9c38c0101d5cc6.js:1
next @ main.9f9c38c0101d5cc6.js:1
(anonymous) @ main.9f9c38c0101d5cc6.js:1
o @ main.9f9c38c0101d5cc6.js:1
next @ main.9f9c38c0101d5cc6.js:1
next @ main.9f9c38c0101d5cc6.js:1903
r.subscribe.m @ main.9f9c38c0101d5cc6.js:1
_next @ main.9f9c38c0101d5cc6.js:1
next @ main.9f9c38c0101d5cc6.js:1
(anonymous) @ main.9f9c38c0101d5cc6.js:1
_next @ main.9f9c38c0101d5cc6.js:1
next @ main.9f9c38c0101d5cc6.js:1
(anonymous) @ main.9f9c38c0101d5cc6.js:1
_next @ main.9f9c38c0101d5cc6.js:1
next @ main.9f9c38c0101d5cc6.js:1
r.subscribe.m @ main.9f9c38c0101d5cc6.js:1
_next @ main.9f9c38c0101d5cc6.js:1
next @ main.9f9c38c0101d5cc6.js:1
(anonymous) @ main.9f9c38c0101d5cc6.js:1
_next @ main.9f9c38c0101d5cc6.js:1
next @ main.9f9c38c0101d5cc6.js:1
subscribe.d @ main.9f9c38c0101d5cc6.js:1
_next @ main.9f9c38c0101d5cc6.js:1
next @ main.9f9c38c0101d5cc6.js:1
(anonymous) @ main.9f9c38c0101d5cc6.js:1
_trySubscribe @ main.9f9c38c0101d5cc6.js:1
(anonymous) @ main.9f9c38c0101d5cc6.js:1
o @ main.9f9c38c0101d5cc6.js:1
subscribe @ main.9f9c38c0101d5cc6.js:1
c.subscribe.u @ main.9f9c38c0101d5cc6.js:1
_next @ main.9f9c38c0101d5cc6.js:1
next @ main.9f9c38c0101d5cc6.js:1
subscribe.d @ main.9f9c38c0101d5cc6.js:1
_next @ main.9f9c38c0101d5cc6.js:1
next @ main.9f9c38c0101d5cc6.js:1
(anonymous) @ main.9f9c38c0101d5cc6.js:1
_next @ main.9f9c38c0101d5cc6.js:1
next @ main.9f9c38c0101d5cc6.js:1
(anonymous) @ main.9f9c38c0101d5cc6.js:1
_trySubscribe @ main.9f9c38c0101d5cc6.js:1
(anonymous) @ main.9f9c38c0101d5cc6.js:1
o @ main.9f9c38c0101d5cc6.js:1
subscribe @ main.9f9c38c0101d5cc6.js:1
(anonymous) @ main.9f9c38c0101d5cc6.js:1
(anonymous) @ main.9f9c38c0101d5cc6.js:1
(anonymous) @ main.9f9c38c0101d5cc6.js:1
o @ main.9f9c38c0101d5cc6.js:1
subscribe @ main.9f9c38c0101d5cc6.js:1
c.subscribe.u @ main.9f9c38c0101d5cc6.js:1
_next @ main.9f9c38c0101d5cc6.js:1
load (async)
Qt.b @ polyfills.bed00976d4cd1661.js:1
scheduleTask @ polyfills.bed00976d4cd1661.js:1
onScheduleTask @ polyfills.bed00976d4cd1661.js:1
scheduleTask @ polyfills.bed00976d4cd1661.js:1
scheduleTask @ polyfills.bed00976d4cd1661.js:1
scheduleEventTask @ polyfills.bed00976d4cd1661.js:1
(anonymous) @ polyfills.bed00976d4cd1661.js:1
(anonymous) @ main.9f9c38c0101d5cc6.js:1903
_trySubscribe @ main.9f9c38c0101d5cc6.js:1
(anonymous) @ main.9f9c38c0101d5cc6.js:1
o @ main.9f9c38c0101d5cc6.js:1
subscribe @ main.9f9c38c0101d5cc6.js:1
c.subscribe.u @ main.9f9c38c0101d5cc6.js:1
_next @ main.9f9c38c0101d5cc6.js:1
next @ main.9f9c38c0101d5cc6.js:1
(anonymous) @ main.9f9c38c0101d5cc6.js:1
_trySubscribe @ main.9f9c38c0101d5cc6.js:1
(anonymous) @ main.9f9c38c0101d5cc6.js:1
o @ main.9f9c38c0101d5cc6.js:1
subscribe @ main.9f9c38c0101d5cc6.js:1
(anonymous) @ main.9f9c38c0101d5cc6.js:1
(anonymous) @ main.9f9c38c0101d5cc6.js:1
(anonymous) @ main.9f9c38c0101d5cc6.js:1
o @ main.9f9c38c0101d5cc6.js:1
subscribe @ main.9f9c38c0101d5cc6.js:1
(anonymous) @ main.9f9c38c0101d5cc6.js:1
(anonymous) @ main.9f9c38c0101d5cc6.js:1
(anonymous) @ main.9f9c38c0101d5cc6.js:1
o @ main.9f9c38c0101d5cc6.js:1
subscribe @ main.9f9c38c0101d5cc6.js:1
c.subscribe.u @ main.9f9c38c0101d5cc6.js:1
_next @ main.9f9c38c0101d5cc6.js:1
next @ main.9f9c38c0101d5cc6.js:1
_subscribe @ main.9f9c38c0101d5cc6.js:1
_trySubscribe @ main.9f9c38c0101d5cc6.js:1
_trySubscribe @ main.9f9c38c0101d5cc6.js:1
(anonymous) @ main.9f9c38c0101d5cc6.js:1
o @ main.9f9c38c0101d5cc6.js:1
subscribe @ main.9f9c38c0101d5cc6.js:1
(anonymous) @ main.9f9c38c0101d5cc6.js:1
(anonymous) @ main.9f9c38c0101d5cc6.js:1
(anonymous) @ main.9f9c38c0101d5cc6.js:1
o @ main.9f9c38c0101d5cc6.js:1
subscribe @ main.9f9c38c0101d5cc6.js:1
(anonymous) @ main.9f9c38c0101d5cc6.js:1
(anonymous) @ main.9f9c38c0101d5cc6.js:1
(anonymous) @ main.9f9c38c0101d5cc6.js:1
o @ main.9f9c38c0101d5cc6.js:1
subscribe @ main.9f9c38c0101d5cc6.js:1
(anonymous) @ main.9f9c38c0101d5cc6.js:1
_trySubscribe @ main.9f9c38c0101d5cc6.js:1
(anonymous) @ main.9f9c38c0101d5cc6.js:1
o @ main.9f9c38c0101d5cc6.js:1
subscribe @ main.9f9c38c0101d5cc6.js:1
M @ main.9f9c38c0101d5cc6.js:1
(anonymous) @ main.9f9c38c0101d5cc6.js:1
(anonymous) @ main.9f9c38c0101d5cc6.js:1
(anonymous) @ main.9f9c38c0101d5cc6.js:1
o @ main.9f9c38c0101d5cc6.js:1
subscribe @ main.9f9c38c0101d5cc6.js:1
(anonymous) @ main.9f9c38c0101d5cc6.js:1
(anonymous) @ main.9f9c38c0101d5cc6.js:1
(anonymous) @ main.9f9c38c0101d5cc6.js:1
o @ main.9f9c38c0101d5cc6.js:1
subscribe @ main.9f9c38c0101d5cc6.js:1
(anonymous) @ main.9f9c38c0101d5cc6.js:1
(anonymous) @ main.9f9c38c0101d5cc6.js:1
(anonymous) @ main.9f9c38c0101d5cc6.js:1
o @ main.9f9c38c0101d5cc6.js:1
subscribe @ main.9f9c38c0101d5cc6.js:1
(anonymous) @ main.9f9c38c0101d5cc6.js:1
(anonymous) @ main.9f9c38c0101d5cc6.js:1
(anonymous) @ main.9f9c38c0101d5cc6.js:1
o @ main.9f9c38c0101d5cc6.js:1
subscribe @ main.9f9c38c0101d5cc6.js:1
(anonymous) @ main.9f9c38c0101d5cc6.js:1
(anonymous) @ main.9f9c38c0101d5cc6.js:1
(anonymous) @ main.9f9c38c0101d5cc6.js:1
o @ main.9f9c38c0101d5cc6.js:1
subscribe @ main.9f9c38c0101d5cc6.js:1
c.subscribe.u @ main.9f9c38c0101d5cc6.js:1
_next @ main.9f9c38c0101d5cc6.js:1
next @ main.9f9c38c0101d5cc6.js:1
(anonymous) @ main.9f9c38c0101d5cc6.js:1
_trySubscribe @ main.9f9c38c0101d5cc6.js:1
(anonymous) @ main.9f9c38c0101d5cc6.js:1
o @ main.9f9c38c0101d5cc6.js:1
subscribe @ main.9f9c38c0101d5cc6.js:1
(anonymous) @ main.9f9c38c0101d5cc6.js:1
(anonymous) @ main.9f9c38c0101d5cc6.js:1
(anonymous) @ main.9f9c38c0101d5cc6.js:1
o @ main.9f9c38c0101d5cc6.js:1
subscribe @ main.9f9c38c0101d5cc6.js:1
(anonymous) @ main.9f9c38c0101d5cc6.js:1
(anonymous) @ main.9f9c38c0101d5cc6.js:1
(anonymous) @ main.9f9c38c0101d5cc6.js:1
o @ main.9f9c38c0101d5cc6.js:1
subscribe @ main.9f9c38c0101d5cc6.js:1
(anonymous) @ main.9f9c38c0101d5cc6.js:1
(anonymous) @ main.9f9c38c0101d5cc6.js:1
(anonymous) @ main.9f9c38c0101d5cc6.js:1
o @ main.9f9c38c0101d5cc6.js:1
subscribe @ main.9f9c38c0101d5cc6.js:1
(anonymous) @ main.9f9c38c0101d5cc6.js:1
(anonymous) @ main.9f9c38c0101d5cc6.js:1
(anonymous) @ main.9f9c38c0101d5cc6.js:1
o @ main.9f9c38c0101d5cc6.js:1
subscribe @ main.9f9c38c0101d5cc6.js:1
(anonymous) @ main.9f9c38c0101d5cc6.js:1
(anonymous) @ main.9f9c38c0101d5cc6.js:1
(anonymous) @ main.9f9c38c0101d5cc6.js:1
o @ main.9f9c38c0101d5cc6.js:1
subscribe @ main.9f9c38c0101d5cc6.js:1
(anonymous) @ main.9f9c38c0101d5cc6.js:1
(anonymous) @ main.9f9c38c0101d5cc6.js:1
(anonymous) @ main.9f9c38c0101d5cc6.js:1
o @ main.9f9c38c0101d5cc6.js:1
subscribe @ main.9f9c38c0101d5cc6.js:1
T @ main.9f9c38c0101d5cc6.js:1
f @ main.9f9c38c0101d5cc6.js:1
_next @ main.9f9c38c0101d5cc6.js:1
next @ main.9f9c38c0101d5cc6.js:1
(anonymous) @ main.9f9c38c0101d5cc6.js:1
_trySubscribe @ main.9f9c38c0101d5cc6.js:1
(anonymous) @ main.9f9c38c0101d5cc6.js:1
o @ main.9f9c38c0101d5cc6.js:1
subscribe @ main.9f9c38c0101d5cc6.js:1
s @ main.9f9c38c0101d5cc6.js:1
(anonymous) @ main.9f9c38c0101d5cc6.js:1
(anonymous) @ main.9f9c38c0101d5cc6.js:1
(anonymous) @ main.9f9c38c0101d5cc6.js:1
o @ main.9f9c38c0101d5cc6.js:1
subscribe @ main.9f9c38c0101d5cc6.js:1
(anonymous) @ main.9f9c38c0101d5cc6.js:1
(anonymous) @ main.9f9c38c0101d5cc6.js:1
(anonymous) @ main.9f9c38c0101d5cc6.js:1
o @ main.9f9c38c0101d5cc6.js:1
subscribe @ main.9f9c38c0101d5cc6.js:1
(anonymous) @ main.9f9c38c0101d5cc6.js:1
(anonymous) @ main.9f9c38c0101d5cc6.js:1
(anonymous) @ main.9f9c38c0101d5cc6.js:1
o @ main.9f9c38c0101d5cc6.js:1
subscribe @ main.9f9c38c0101d5cc6.js:1
(anonymous) @ main.9f9c38c0101d5cc6.js:1
(anonymous) @ main.9f9c38c0101d5cc6.js:1
(anonymous) @ main.9f9c38c0101d5cc6.js:1
o @ main.9f9c38c0101d5cc6.js:1
subscribe @ main.9f9c38c0101d5cc6.js:1
(anonymous) @ main.9f9c38c0101d5cc6.js:1
(anonymous) @ main.9f9c38c0101d5cc6.js:1
(anonymous) @ main.9f9c38c0101d5cc6.js:1
o @ main.9f9c38c0101d5cc6.js:1
subscribe @ main.9f9c38c0101d5cc6.js:1
s @ main.9f9c38c0101d5cc6.js:1
(anonymous) @ main.9f9c38c0101d5cc6.js:1
(anonymous) @ main.9f9c38c0101d5cc6.js:1
(anonymous) @ main.9f9c38c0101d5cc6.js:1
o @ main.9f9c38c0101d5cc6.js:1
subscribe @ main.9f9c38c0101d5cc6.js:1
(anonymous) @ main.9f9c38c0101d5cc6.js:1
(anonymous) @ main.9f9c38c0101d5cc6.js:1
(anonymous) @ main.9f9c38c0101d5cc6.js:1
o @ main.9f9c38c0101d5cc6.js:1
subscribe @ main.9f9c38c0101d5cc6.js:1
(anonymous) @ main.9f9c38c0101d5cc6.js:1
_trySubscribe @ main.9f9c38c0101d5cc6.js:1
(anonymous) @ main.9f9c38c0101d5cc6.js:1
o @ main.9f9c38c0101d5cc6.js:1
subscribe @ main.9f9c38c0101d5cc6.js:1
T @ main.9f9c38c0101d5cc6.js:1
f @ main.9f9c38c0101d5cc6.js:1
_next @ main.9f9c38c0101d5cc6.js:1
next @ main.9f9c38c0101d5cc6.js:1
(anonymous) @ main.9f9c38c0101d5cc6.js:1
o @ main.9f9c38c0101d5cc6.js:1
next @ main.9f9c38c0101d5cc6.js:1
next @ main.9f9c38c0101d5cc6.js:1
next @ main.9f9c38c0101d5cc6.js:1
next @ main.9f9c38c0101d5cc6.js:1
_next @ main.9f9c38c0101d5cc6.js:1
next @ main.9f9c38c0101d5cc6.js:1
(anonymous) @ main.9f9c38c0101d5cc6.js:1
_next @ main.9f9c38c0101d5cc6.js:1
next @ main.9f9c38c0101d5cc6.js:1
(anonymous) @ main.9f9c38c0101d5cc6.js:1
_next @ main.9f9c38c0101d5cc6.js:1
next @ main.9f9c38c0101d5cc6.js:1
(anonymous) @ main.9f9c38c0101d5cc6.js:1
_next @ main.9f9c38c0101d5cc6.js:1
next @ main.9f9c38c0101d5cc6.js:1
(anonymous) @ main.9f9c38c0101d5cc6.js:1
_next @ main.9f9c38c0101d5cc6.js:1
next @ main.9f9c38c0101d5cc6.js:1
(anonymous) @ main.9f9c38c0101d5cc6.js:1
_next @ main.9f9c38c0101d5cc6.js:1
next @ main.9f9c38c0101d5cc6.js:1
(anonymous) @ main.9f9c38c0101d5cc6.js:1
_next @ main.9f9c38c0101d5cc6.js:1
next @ main.9f9c38c0101d5cc6.js:1
_next @ main.9f9c38c0101d5cc6.js:1
Promise.then (async)
Kt @ polyfills.bed00976d4cd1661.js:1
vt @ polyfills.bed00976d4cd1661.js:1
scheduleTask @ polyfills.bed00976d4cd1661.js:1
onScheduleTask @ polyfills.bed00976d4cd1661.js:1
scheduleTask @ polyfills.bed00976d4cd1661.js:1
scheduleTask @ polyfills.bed00976d4cd1661.js:1
scheduleMicroTask @ polyfills.bed00976d4cd1661.js:1
te @ polyfills.bed00976d4cd1661.js:1
Vt @ polyfills.bed00976d4cd1661.js:1
(anonymous) @ polyfills.bed00976d4cd1661.js:1
(anonymous) @ polyfills.bed00976d4cd1661.js:1
Promise.then (async)
(anonymous) @ polyfills.bed00976d4cd1661.js:1
b @ polyfills.bed00976d4cd1661.js:1
M.then @ polyfills.bed00976d4cd1661.js:1
Vt @ polyfills.bed00976d4cd1661.js:1
(anonymous) @ polyfills.bed00976d4cd1661.js:1
invokeTask @ polyfills.bed00976d4cd1661.js:1
onInvokeTask @ main.9f9c38c0101d5cc6.js:1903
invokeTask @ polyfills.bed00976d4cd1661.js:1
runTask @ polyfills.bed00976d4cd1661.js:1
V @ polyfills.bed00976d4cd1661.js:1
Promise.then (async)
Kt @ polyfills.bed00976d4cd1661.js:1
vt @ polyfills.bed00976d4cd1661.js:1
scheduleTask @ polyfills.bed00976d4cd1661.js:1
onScheduleTask @ polyfills.bed00976d4cd1661.js:1
scheduleTask @ polyfills.bed00976d4cd1661.js:1
scheduleTask @ polyfills.bed00976d4cd1661.js:1
scheduleMicroTask @ polyfills.bed00976d4cd1661.js:1
te @ polyfills.bed00976d4cd1661.js:1
Vt @ polyfills.bed00976d4cd1661.js:1
(anonymous) @ polyfills.bed00976d4cd1661.js:1
(anonymous) @ polyfills.bed00976d4cd1661.js:1
Promise.then (async)
(anonymous) @ polyfills.bed00976d4cd1661.js:1
b @ polyfills.bed00976d4cd1661.js:1
M.then @ polyfills.bed00976d4cd1661.js:1
(anonymous) @ main.9f9c38c0101d5cc6.js:296
fetchMySegments @ main.9f9c38c0101d5cc6.js:296
(anonymous) @ main.9f9c38c0101d5cc6.js:296
or @ main.9f9c38c0101d5cc6.js:296
(anonymous) @ main.9f9c38c0101d5cc6.js:296
As @ main.9f9c38c0101d5cc6.js:296
yr @ main.9f9c38c0101d5cc6.js:296
start @ main.9f9c38c0101d5cc6.js:296
start @ main.9f9c38c0101d5cc6.js:296
(anonymous) @ main.9f9c38c0101d5cc6.js:296
(anonymous) @ main.9f9c38c0101d5cc6.js:296
(anonymous) @ main.9f9c38c0101d5cc6.js:1
_next @ main.9f9c38c0101d5cc6.js:1
next @ main.9f9c38c0101d5cc6.js:1
(anonymous) @ main.9f9c38c0101d5cc6.js:1
_next @ main.9f9c38c0101d5cc6.js:1
next @ main.9f9c38c0101d5cc6.js:1
(anonymous) @ main.9f9c38c0101d5cc6.js:1
_next @ main.9f9c38c0101d5cc6.js:1
next @ main.9f9c38c0101d5cc6.js:1
(anonymous) @ main.9f9c38c0101d5cc6.js:1
_next @ main.9f9c38c0101d5cc6.js:1
next @ main.9f9c38c0101d5cc6.js:1
(anonymous) @ main.9f9c38c0101d5cc6.js:1
_next @ main.9f9c38c0101d5cc6.js:1
next @ main.9f9c38c0101d5cc6.js:1
(anonymous) @ main.9f9c38c0101d5cc6.js:1
o @ main.9f9c38c0101d5cc6.js:1
next @ main.9f9c38c0101d5cc6.js:1
next @ main.9f9c38c0101d5cc6.js:1
(anonymous) @ main.9f9c38c0101d5cc6.js:1903
next @ main.9f9c38c0101d5cc6.js:1
_next @ main.9f9c38c0101d5cc6.js:1
next @ main.9f9c38c0101d5cc6.js:1
(anonymous) @ main.9f9c38c0101d5cc6.js:1
_next @ main.9f9c38c0101d5cc6.js:1
next @ main.9f9c38c0101d5cc6.js:1
(anonymous) @ main.9f9c38c0101d5cc6.js:1
_next @ main.9f9c38c0101d5cc6.js:1
next @ main.9f9c38c0101d5cc6.js:1
(anonymous) @ main.9f9c38c0101d5cc6.js:1
(anonymous) @ main.9f9c38c0101d5cc6.js:1
_execute @ main.9f9c38c0101d5cc6.js:1
execute @ main.9f9c38c0101d5cc6.js:1
flush @ main.9f9c38c0101d5cc6.js:1
schedule @ main.9f9c38c0101d5cc6.js:1
schedule @ main.9f9c38c0101d5cc6.js:1
e @ main.9f9c38c0101d5cc6.js:1
(anonymous) @ main.9f9c38c0101d5cc6.js:1
_next @ main.9f9c38c0101d5cc6.js:1
next @ main.9f9c38c0101d5cc6.js:1
(anonymous) @ main.9f9c38c0101d5cc6.js:1
o @ main.9f9c38c0101d5cc6.js:1
next @ main.9f9c38c0101d5cc6.js:1
next @ main.9f9c38c0101d5cc6.js:1
next @ main.9f9c38c0101d5cc6.js:1903
dispatch @ main.9f9c38c0101d5cc6.js:1903
dispatch @ main.9f9c38c0101d5cc6.js:29
dispatchTeamIdAndMaintenanceState @ main.9f9c38c0101d5cc6.js:1226
(anonymous) @ main.9f9c38c0101d5cc6.js:1226
r.subscribe.m @ main.9f9c38c0101d5cc6.js:1
_next @ main.9f9c38c0101d5cc6.js:1
next @ main.9f9c38c0101d5cc6.js:1
(anonymous) @ main.9f9c38c0101d5cc6.js:1
_next @ main.9f9c38c0101d5cc6.js:1
next @ main.9f9c38c0101d5cc6.js:1
(anonymous) @ main.9f9c38c0101d5cc6.js:1
o @ main.9f9c38c0101d5cc6.js:1
next @ main.9f9c38c0101d5cc6.js:1
next @ main.9f9c38c0101d5cc6.js:1
resetEnvironment @ main.9f9c38c0101d5cc6.js:38
(anonymous) @ main.9f9c38c0101d5cc6.js:38
(anonymous) @ main.9f9c38c0101d5cc6.js:1
_next @ main.9f9c38c0101d5cc6.js:1
next @ main.9f9c38c0101d5cc6.js:1
subscribe.d @ main.9f9c38c0101d5cc6.js:1
_next @ main.9f9c38c0101d5cc6.js:1
next @ main.9f9c38c0101d5cc6.js:1
_next @ main.9f9c38c0101d5cc6.js:1
next @ main.9f9c38c0101d5cc6.js:1
r.subscribe.m @ main.9f9c38c0101d5cc6.js:1
_next @ main.9f9c38c0101d5cc6.js:1
next @ main.9f9c38c0101d5cc6.js:1
(anonymous) @ main.9f9c38c0101d5cc6.js:1
_next @ main.9f9c38c0101d5cc6.js:1
next @ main.9f9c38c0101d5cc6.js:1
(anonymous) @ main.9f9c38c0101d5cc6.js:1
_next @ main.9f9c38c0101d5cc6.js:1
next @ main.9f9c38c0101d5cc6.js:1
T.subscribe.E @ main.9f9c38c0101d5cc6.js:1
_next @ main.9f9c38c0101d5cc6.js:1
next @ main.9f9c38c0101d5cc6.js:1
_next @ main.9f9c38c0101d5cc6.js:1
next @ main.9f9c38c0101d5cc6.js:1
_next @ main.9f9c38c0101d5cc6.js:1
next @ main.9f9c38c0101d5cc6.js:1
_next @ main.9f9c38c0101d5cc6.js:1
next @ main.9f9c38c0101d5cc6.js:1
subscribe.d @ main.9f9c38c0101d5cc6.js:1
_next @ main.9f9c38c0101d5cc6.js:1
next @ main.9f9c38c0101d5cc6.js:1
_next @ main.9f9c38c0101d5cc6.js:1
next @ main.9f9c38c0101d5cc6.js:1
(anonymous) @ main.9f9c38c0101d5cc6.js:1
_next @ main.9f9c38c0101d5cc6.js:1
next @ main.9f9c38c0101d5cc6.js:1
r.subscribe.m @ main.9f9c38c0101d5cc6.js:1
_next @ main.9f9c38c0101d5cc6.js:1
next @ main.9f9c38c0101d5cc6.js:1
(anonymous) @ main.9f9c38c0101d5cc6.js:1
_next @ main.9f9c38c0101d5cc6.js:1
next @ main.9f9c38c0101d5cc6.js:1
subscribe.d @ main.9f9c38c0101d5cc6.js:1
_next @ main.9f9c38c0101d5cc6.js:1
next @ main.9f9c38c0101d5cc6.js:1
r.subscribe.m @ main.9f9c38c0101d5cc6.js:1
_next @ main.9f9c38c0101d5cc6.js:1
next @ main.9f9c38c0101d5cc6.js:1
subscribe.d @ main.9f9c38c0101d5cc6.js:1
_next @ main.9f9c38c0101d5cc6.js:1
next @ main.9f9c38c0101d5cc6.js:1
fi @ main.9f9c38c0101d5cc6.js:1903
invokeTask @ polyfills.bed00976d4cd1661.js:1
onInvokeTask @ main.9f9c38c0101d5cc6.js:1903
invokeTask @ polyfills.bed00976d4cd1661.js:1
runTask @ polyfills.bed00976d4cd1661.js:1
invokeTask @ polyfills.bed00976d4cd1661.js:1
Et @ polyfills.bed00976d4cd1661.js:1
St @ polyfills.bed00976d4cd1661.js:1
kt @ polyfills.bed00976d4cd1661.js:1
load (async)
Qt.b @ polyfills.bed00976d4cd1661.js:1
scheduleTask @ polyfills.bed00976d4cd1661.js:1
onScheduleTask @ polyfills.bed00976d4cd1661.js:1
scheduleTask @ polyfills.bed00976d4cd1661.js:1
scheduleTask @ polyfills.bed00976d4cd1661.js:1
scheduleEventTask @ polyfills.bed00976d4cd1661.js:1
(anonymous) @ polyfills.bed00976d4cd1661.js:1
(anonymous) @ main.9f9c38c0101d5cc6.js:1903
_trySubscribe @ main.9f9c38c0101d5cc6.js:1
(anonymous) @ main.9f9c38c0101d5cc6.js:1
o @ main.9f9c38c0101d5cc6.js:1
subscribe @ main.9f9c38c0101d5cc6.js:1
c.subscribe.u @ main.9f9c38c0101d5cc6.js:1
_next @ main.9f9c38c0101d5cc6.js:1
next @ main.9f9c38c0101d5cc6.js:1
(anonymous) @ main.9f9c38c0101d5cc6.js:1
_trySubscribe @ main.9f9c38c0101d5cc6.js:1
(anonymous) @ main.9f9c38c0101d5cc6.js:1
o @ main.9f9c38c0101d5cc6.js:1
subscribe @ main.9f9c38c0101d5cc6.js:1
(anonymous) @ main.9f9c38c0101d5cc6.js:1
(anonymous) @ main.9f9c38c0101d5cc6.js:1
(anonymous) @ main.9f9c38c0101d5cc6.js:1
o @ main.9f9c38c0101d5cc6.js:1
subscribe @ main.9f9c38c0101d5cc6.js:1
(anonymous) @ main.9f9c38c0101d5cc6.js:1
(anonymous) @ main.9f9c38c0101d5cc6.js:1
(anonymous) @ main.9f9c38c0101d5cc6.js:1
o @ main.9f9c38c0101d5cc6.js:1
subscribe @ main.9f9c38c0101d5cc6.js:1
c.subscribe.u @ main.9f9c38c0101d5cc6.js:1
_next @ main.9f9c38c0101d5cc6.js:1
next @ main.9f9c38c0101d5cc6.js:1
_subscribe @ main.9f9c38c0101d5cc6.js:1
_trySubscribe @ main.9f9c38c0101d5cc6.js:1
_trySubscribe @ main.9f9c38c0101d5cc6.js:1
(anonymous) @ main.9f9c38c0101d5cc6.js:1
o @ main.9f9c38c0101d5cc6.js:1
subscribe @ main.9f9c38c0101d5cc6.js:1
(anonymous) @ main.9f9c38c0101d5cc6.js:1
(anonymous) @ main.9f9c38c0101d5cc6.js:1
(anonymous) @ main.9f9c38c0101d5cc6.js:1
o @ main.9f9c38c0101d5cc6.js:1
subscribe @ main.9f9c38c0101d5cc6.js:1
(anonymous) @ main.9f9c38c0101d5cc6.js:1
(anonymous) @ main.9f9c38c0101d5cc6.js:1
(anonymous) @ main.9f9c38c0101d5cc6.js:1
o @ main.9f9c38c0101d5cc6.js:1
subscribe @ main.9f9c38c0101d5cc6.js:1
(anonymous) @ main.9f9c38c0101d5cc6.js:1
_trySubscribe @ main.9f9c38c0101d5cc6.js:1
(anonymous) @ main.9f9c38c0101d5cc6.js:1
o @ main.9f9c38c0101d5cc6.js:1
subscribe @ main.9f9c38c0101d5cc6.js:1
M @ main.9f9c38c0101d5cc6.js:1
(anonymous) @ main.9f9c38c0101d5cc6.js:1
(anonymous) @ main.9f9c38c0101d5cc6.js:1
(anonymous) @ main.9f9c38c0101d5cc6.js:1
o @ main.9f9c38c0101d5cc6.js:1
subscribe @ main.9f9c38c0101d5cc6.js:1
(anonymous) @ main.9f9c38c0101d5cc6.js:1
(anonymous) @ main.9f9c38c0101d5cc6.js:1
(anonymous) @ main.9f9c38c0101d5cc6.js:1
o @ main.9f9c38c0101d5cc6.js:1
subscribe @ main.9f9c38c0101d5cc6.js:1
(anonymous) @ main.9f9c38c0101d5cc6.js:1
(anonymous) @ main.9f9c38c0101d5cc6.js:1
(anonymous) @ main.9f9c38c0101d5cc6.js:1
o @ main.9f9c38c0101d5cc6.js:1
subscribe @ main.9f9c38c0101d5cc6.js:1
(anonymous) @ main.9f9c38c0101d5cc6.js:1
(anonymous) @ main.9f9c38c0101d5cc6.js:1
(anonymous) @ main.9f9c38c0101d5cc6.js:1
o @ main.9f9c38c0101d5cc6.js:1
subscribe @ main.9f9c38c0101d5cc6.js:1
(anonymous) @ main.9f9c38c0101d5cc6.js:1
(anonymous) @ main.9f9c38c0101d5cc6.js:1
(anonymous) @ main.9f9c38c0101d5cc6.js:1
o @ main.9f9c38c0101d5cc6.js:1
subscribe @ main.9f9c38c0101d5cc6.js:1
c.subscribe.u @ main.9f9c38c0101d5cc6.js:1
_next @ main.9f9c38c0101d5cc6.js:1
next @ main.9f9c38c0101d5cc6.js:1
(anonymous) @ main.9f9c38c0101d5cc6.js:1
_trySubscribe @ main.9f9c38c0101d5cc6.js:1
(anonymous) @ main.9f9c38c0101d5cc6.js:1
o @ main.9f9c38c0101d5cc6.js:1
subscribe @ main.9f9c38c0101d5cc6.js:1
(anonymous) @ main.9f9c38c0101d5cc6.js:1
(anonymous) @ main.9f9c38c0101d5cc6.js:1
(anonymous) @ main.9f9c38c0101d5cc6.js:1
o @ main.9f9c38c0101d5cc6.js:1
subscribe @ main.9f9c38c0101d5cc6.js:1
(anonymous) @ main.9f9c38c0101d5cc6.js:1
(anonymous) @ main.9f9c38c0101d5cc6.js:1
(anonymous) @ main.9f9c38c0101d5cc6.js:1
o @ main.9f9c38c0101d5cc6.js:1
subscribe @ main.9f9c38c0101d5cc6.js:1
(anonymous) @ main.9f9c38c0101d5cc6.js:1
(anonymous) @ main.9f9c38c0101d5cc6.js:1
(anonymous) @ main.9f9c38c0101d5cc6.js:1
o @ main.9f9c38c0101d5cc6.js:1
subscribe @ main.9f9c38c0101d5cc6.js:1
(anonymous) @ main.9f9c38c0101d5cc6.js:1
(anonymous) @ main.9f9c38c0101d5cc6.js:1
(anonymous) @ main.9f9c38c0101d5cc6.js:1
o @ main.9f9c38c0101d5cc6.js:1
subscribe @ main.9f9c38c0101d5cc6.js:1
(anonymous) @ main.9f9c38c0101d5cc6.js:1
(anonymous) @ main.9f9c38c0101d5cc6.js:1
(anonymous) @ main.9f9c38c0101d5cc6.js:1
o @ main.9f9c38c0101d5cc6.js:1
subscribe @ main.9f9c38c0101d5cc6.js:1
(anonymous) @ main.9f9c38c0101d5cc6.js:1
(anonymous) @ main.9f9c38c0101d5cc6.js:1
(anonymous) @ main.9f9c38c0101d5cc6.js:1
o @ main.9f9c38c0101d5cc6.js:1
subscribe @ main.9f9c38c0101d5cc6.js:1
T @ main.9f9c38c0101d5cc6.js:1
f @ main.9f9c38c0101d5cc6.js:1
_next @ main.9f9c38c0101d5cc6.js:1
next @ main.9f9c38c0101d5cc6.js:1
(anonymous) @ main.9f9c38c0101d5cc6.js:1
_trySubscribe @ main.9f9c38c0101d5cc6.js:1
(anonymous) @ main.9f9c38c0101d5cc6.js:1
o @ main.9f9c38c0101d5cc6.js:1
subscribe @ main.9f9c38c0101d5cc6.js:1
s @ main.9f9c38c0101d5cc6.js:1
(anonymous) @ main.9f9c38c0101d5cc6.js:1
(anonymous) @ main.9f9c38c0101d5cc6.js:1
(anonymous) @ main.9f9c38c0101d5cc6.js:1
o @ main.9f9c38c0101d5cc6.js:1
subscribe @ main.9f9c38c0101d5cc6.js:1
(anonymous) @ main.9f9c38c0101d5cc6.js:1
(anonymous) @ main.9f9c38c0101d5cc6.js:1
(anonymous) @ main.9f9c38c0101d5cc6.js:1
o @ main.9f9c38c0101d5cc6.js:1
subscribe @ main.9f9c38c0101d5cc6.js:1
(anonymous) @ main.9f9c38c0101d5cc6.js:1
(anonymous) @ main.9f9c38c0101d5cc6.js:1
(anonymous) @ main.9f9c38c0101d5cc6.js:1
o @ main.9f9c38c0101d5cc6.js:1
subscribe @ main.9f9c38c0101d5cc6.js:1
(anonymous) @ main.9f9c38c0101d5cc6.js:1
(anonymous) @ main.9f9c38c0101d5cc6.js:1
(anonymous) @ main.9f9c38c0101d5cc6.js:1
o @ main.9f9c38c0101d5cc6.js:1
subscribe @ main.9f9c38c0101d5cc6.js:1
(anonymous) @ main.9f9c38c0101d5cc6.js:1
(anonymous) @ main.9f9c38c0101d5cc6.js:1
(anonymous) @ main.9f9c38c0101d5cc6.js:1
o @ main.9f9c38c0101d5cc6.js:1
subscribe @ main.9f9c38c0101d5cc6.js:1
c.subscribe.u @ main.9f9c38c0101d5cc6.js:1
_next @ main.9f9c38c0101d5cc6.js:1
next @ main.9f9c38c0101d5cc6.js:1
(anonymous) @ main.9f9c38c0101d5cc6.js:1
_next @ main.9f9c38c0101d5cc6.js:1
next @ main.9f9c38c0101d5cc6.js:1
(anonymous) @ main.9f9c38c0101d5cc6.js:1
o @ main.9f9c38c0101d5cc6.js:1
next @ main.9f9c38c0101d5cc6.js:1
next @ main.9f9c38c0101d5cc6.js:1
registerTeamSwitched @ main.9f9c38c0101d5cc6.js:38
canActivate @ main.9f9c38c0101d5cc6.js:1226
(anonymous) @ main.9f9c38c0101d5cc6.js:1903
(anonymous) @ main.9f9c38c0101d5cc6.js:1
_trySubscribe @ main.9f9c38c0101d5cc6.js:1
(anonymous) @ main.9f9c38c0101d5cc6.js:1
o @ main.9f9c38c0101d5cc6.js:1
subscribe @ main.9f9c38c0101d5cc6.js:1
(anonymous) @ main.9f9c38c0101d5cc6.js:1
(anonymous) @ main.9f9c38c0101d5cc6.js:1
(anonymous) @ main.9f9c38c0101d5cc6.js:1
o @ main.9f9c38c0101d5cc6.js:1
subscribe @ main.9f9c38c0101d5cc6.js:1
T @ main.9f9c38c0101d5cc6.js:1
f @ main.9f9c38c0101d5cc6.js:1
_next @ main.9f9c38c0101d5cc6.js:1
next @ main.9f9c38c0101d5cc6.js:1
(anonymous) @ main.9f9c38c0101d5cc6.js:1
_trySubscribe @ main.9f9c38c0101d5cc6.js:1
(anonymous) @ main.9f9c38c0101d5cc6.js:1
o @ main.9f9c38c0101d5cc6.js:1
subscribe @ main.9f9c38c0101d5cc6.js:1
s @ main.9f9c38c0101d5cc6.js:1
(anonymous) @ main.9f9c38c0101d5cc6.js:1
(anonymous) @ main.9f9c38c0101d5cc6.js:1
(anonymous) @ main.9f9c38c0101d5cc6.js:1
o @ main.9f9c38c0101d5cc6.js:1
subscribe @ main.9f9c38c0101d5cc6.js:1
(anonymous) @ main.9f9c38c0101d5cc6.js:1
(anonymous) @ main.9f9c38c0101d5cc6.js:1
(anonymous) @ main.9f9c38c0101d5cc6.js:1
o @ main.9f9c38c0101d5cc6.js:1
subscribe @ main.9f9c38c0101d5cc6.js:1
(anonymous) @ main.9f9c38c0101d5cc6.js:1
h @ main.9f9c38c0101d5cc6.js:1
(anonymous) @ main.9f9c38c0101d5cc6.js:1
h @ main.9f9c38c0101d5cc6.js:1
Promise.then (async)
Kt @ polyfills.bed00976d4cd1661.js:1
vt @ polyfills.bed00976d4cd1661.js:1
scheduleTask @ polyfills.bed00976d4cd1661.js:1
onScheduleTask @ polyfills.bed00976d4cd1661.js:1
scheduleTask @ polyfills.bed00976d4cd1661.js:1
scheduleTask @ polyfills.bed00976d4cd1661.js:1
scheduleMicroTask @ polyfills.bed00976d4cd1661.js:1
te @ polyfills.bed00976d4cd1661.js:1
Vt @ polyfills.bed00976d4cd1661.js:1
(anonymous) @ polyfills.bed00976d4cd1661.js:1
(anonymous) @ polyfills.bed00976d4cd1661.js:1
i @ runtime.36bf593626d7b94f.js:1
(anonymous) @ default-libs_common_pipes_src_lib_data-view-type-to-string_data-view-type-to-string_module_ts-a5a9c7.eea78fb41e55b6e5.js:1
polyfills.bed00976d4cd1661.js:1 [Violation] 'setInterval' handler took 68ms
polyfills.bed00976d4cd1661.js:1 
        
        
       GET http://127.0.0.1:23435/is-comm-server-running net::ERR_CONNECTION_REFUSED
(anonymous) @ polyfills.bed00976d4cd1661.js:1
Ct.S.<computed> @ polyfills.bed00976d4cd1661.js:1
(anonymous) @ main.9f9c38c0101d5cc6.js:1
$n @ main.9f9c38c0101d5cc6.js:1
(anonymous) @ main.MTc2ZTRjM2Y4MQ.js:2
b @ polyfills.bed00976d4cd1661.js:1
fetch @ main.MTc2ZTRjM2Y4MQ.js:2
(anonymous) @ main.9f9c38c0101d5cc6.js:1
f @ main.9f9c38c0101d5cc6.js:1
invoke @ polyfills.bed00976d4cd1661.js:1
onInvoke @ main.9f9c38c0101d5cc6.js:1903
invoke @ polyfills.bed00976d4cd1661.js:1
run @ polyfills.bed00976d4cd1661.js:1
(anonymous) @ polyfills.bed00976d4cd1661.js:1
invokeTask @ polyfills.bed00976d4cd1661.js:1
onInvokeTask @ main.9f9c38c0101d5cc6.js:1903
invokeTask @ polyfills.bed00976d4cd1661.js:1
runTask @ polyfills.bed00976d4cd1661.js:1
V @ polyfills.bed00976d4cd1661.js:1
Promise.then (async)
Kt @ polyfills.bed00976d4cd1661.js:1
vt @ polyfills.bed00976d4cd1661.js:1
scheduleTask @ polyfills.bed00976d4cd1661.js:1
onScheduleTask @ polyfills.bed00976d4cd1661.js:1
scheduleTask @ polyfills.bed00976d4cd1661.js:1
scheduleTask @ polyfills.bed00976d4cd1661.js:1
scheduleMicroTask @ polyfills.bed00976d4cd1661.js:1
te @ polyfills.bed00976d4cd1661.js:1
Vt @ polyfills.bed00976d4cd1661.js:1
(anonymous) @ polyfills.bed00976d4cd1661.js:1
(anonymous) @ polyfills.bed00976d4cd1661.js:1
main.9f9c38c0101d5cc6.js:1903 [Violation] 'requestAnimationFrame' handler took 341ms
main.9f9c38c0101d5cc6.js:1903 [Violation] 'requestAnimationFrame' handler took 273ms
main.9f9c38c0101d5cc6.js:1903 [Violation] 'requestAnimationFrame' handler took 139ms
main.9f9c38c0101d5cc6.js:1 Warning: fragment with name SearchResultFragment already exists.
graphql-tag enforces all fragment names across your application to be unique; read more about
this in the docs: http://dev.apollodata.com/core/fragments.html#unique-names
(anonymous) @ main.9f9c38c0101d5cc6.js:1
Se @ main.9f9c38c0101d5cc6.js:1
nt @ main.9f9c38c0101d5cc6.js:1
Qe @ main.9f9c38c0101d5cc6.js:1
s @ main.9f9c38c0101d5cc6.js:1
999851 @ default-libs_react_core_src_app-calls_ts-libs_react_core_src_lib_graphql_subscriptions_Search-3b0b8c.252dae516c4d0cda.js:1
e @ runtime.36bf593626d7b94f.js:1
163593 @ command-bar-web.fb69734955d2a765.js:1
e @ runtime.36bf593626d7b94f.js:1
invoke @ polyfills.bed00976d4cd1661.js:1
run @ polyfills.bed00976d4cd1661.js:1
(anonymous) @ polyfills.bed00976d4cd1661.js:1
invokeTask @ polyfills.bed00976d4cd1661.js:1
runTask @ polyfills.bed00976d4cd1661.js:1
V @ polyfills.bed00976d4cd1661.js:1
Promise.then (async)
Kt @ polyfills.bed00976d4cd1661.js:1
vt @ polyfills.bed00976d4cd1661.js:1
scheduleTask @ polyfills.bed00976d4cd1661.js:1
scheduleTask @ polyfills.bed00976d4cd1661.js:1
scheduleMicroTask @ polyfills.bed00976d4cd1661.js:1
te @ polyfills.bed00976d4cd1661.js:1
Vt @ polyfills.bed00976d4cd1661.js:1
(anonymous) @ polyfills.bed00976d4cd1661.js:1
(anonymous) @ polyfills.bed00976d4cd1661.js:1
i @ runtime.36bf593626d7b94f.js:1
(anonymous) @ command-bar-web.fb69734955d2a765.js:1
[Violation] Forced reflow while executing JavaScript took 37ms
[Violation] Forced reflow while executing JavaScript took 74ms
