scripts.f1ff7dede51b791f.js:1 Are you an exceptional Angular Engineer?Want to work on a product used and loved by millions of people?Then come and work for ClickUp!https://clickup.com/careers
main.9f9c38c0101d5cc6.js:1 NgrxStoreIdb: version matched.
client.js:1 allClient.js started loading at: 1722595918025
client.js:5246 client.js fully loaded at: 1722595918028
client.js:12 ORAESSOstart at: 1722595918124
client.js:22 client.js loading
client.js:5207 chromeCode adding message listener
main.9f9c38c0101d5cc6.js:1 Datadog Browser SDK: The feature flag evaluation data exceeds the recommended 3KiB threshold. More details: https://docs.datadoghq.com/real_user_monitoring/browser/troubleshooting/#customer-data-exceeds-the-recommended-3kib-warning
qe @ main.9f9c38c0101d5cc6.js:1
localhost:23435/is-comm-server-running:1 
        
        
       Failed to load resource: net::ERR_CONNECTION_REFUSED
main.9f9c38c0101d5cc6.js:1 Warning: fragment with name SearchResultFragment already exists.
graphql-tag enforces all fragment names across your application to be unique; read more about
this in the docs: http://dev.apollodata.com/core/fragments.html#unique-names
(anonymous) @ main.9f9c38c0101d5cc6.js:1
127.0.0.1:23435/is-comm-server-running:1 
        
        
       Failed to load resource: net::ERR_CONNECTION_REFUSED
main.9f9c38c0101d5cc6.js:1903 [Violation] 'message' handler took 245ms
[Violation] 'setInterval' handler took <N>ms
[Violation] 'setInterval' handler took <N>ms
[Violation] 'setInterval' handler took <N>ms
[Violation] 'setInterval' handler took <N>ms
[Violation] 'setInterval' handler took <N>ms
main.9f9c38c0101d5cc6.js:1 [Violation] 'mouseenter' handler took 186ms
polyfills.bed00976d4cd1661.js:1 [Violation] 'load' handler took 222ms
polyfills.bed00976d4cd1661.js:1 [Violation] 'load' handler took 225ms
main.9f9c38c0101d5cc6.js:38 [Violation] 'requestIdleCallback' handler took 77ms
polyfills.bed00976d4cd1661.js:1 [Violation] 'setTimeout' handler took 96ms
 Failed to execute 'postMessage' on 'DOMWindow': The target origin provided ('https://ads.reddit.com') does not match the recipient window's origin ('https://app.clickup.com').
exports.initEventSetupListener @ www.redditstatic.com/ads/pixel.js:1
sendEvent @ www.redditstatic.com/ads/pixel.js:1
19../bootLoader @ www.redditstatic.com/ads/pixel.js:1
o @ www.redditstatic.com/ads/pixel.js:1
r @ www.redditstatic.com/ads/pixel.js:1
(anonymous) @ www.redditstatic.com/ads/pixel.js:1
[Violation] Forced reflow while executing JavaScript took 58ms
